{"/home/azh/code/benchmarking-amrilazhar/index.js": {"path":"/home/azh/code/benchmarking-amrilazhar/index.js","statementMap":{"0":{"start":{"line":1,"column":0},"end":{"line":3,"column":3}},"1":{"start":{"line":6,"column":22},"end":{"line":6,"column":55}},"2":{"start":{"line":7,"column":12},"end":{"line":7,"column":32}},"3":{"start":{"line":8,"column":18},"end":{"line":8,"column":47}},"4":{"start":{"line":9,"column":12},"end":{"line":9,"column":26}},"5":{"start":{"line":10,"column":15},"end":{"line":10,"column":32}},"6":{"start":{"line":11,"column":11},"end":{"line":11,"column":24}},"7":{"start":{"line":12,"column":13},"end":{"line":12,"column":28}},"8":{"start":{"line":13,"column":15},"end":{"line":13,"column":32}},"9":{"start":{"line":14,"column":13},"end":{"line":14,"column":28}},"10":{"start":{"line":17,"column":16},"end":{"line":17,"column":34}},"11":{"start":{"line":18,"column":12},"end":{"line":18,"column":21}},"12":{"start":{"line":19,"column":19},"end":{"line":19,"column":48}},"13":{"start":{"line":22,"column":14},"end":{"line":22,"column":35}},"14":{"start":{"line":23,"column":22},"end":{"line":23,"column":44}},"15":{"start":{"line":26,"column":0},"end":{"line":26,"column":16}},"16":{"start":{"line":29,"column":0},"end":{"line":29,"column":24}},"17":{"start":{"line":30,"column":0},"end":{"line":34,"column":2}},"18":{"start":{"line":37,"column":0},"end":{"line":37,"column":22}},"19":{"start":{"line":39,"column":0},"end":{"line":39,"column":34}},"20":{"start":{"line":42,"column":19},"end":{"line":42,"column":51}},"21":{"start":{"line":43,"column":0},"end":{"line":43,"column":29}},"22":{"start":{"line":45,"column":20},"end":{"line":45,"column":53}},"23":{"start":{"line":46,"column":0},"end":{"line":46,"column":31}},"24":{"start":{"line":48,"column":21},"end":{"line":48,"column":55}},"25":{"start":{"line":49,"column":0},"end":{"line":49,"column":33}},"26":{"start":{"line":51,"column":19},"end":{"line":51,"column":51}},"27":{"start":{"line":52,"column":0},"end":{"line":52,"column":29}},"28":{"start":{"line":56,"column":0},"end":{"line":56,"column":25}},"29":{"start":{"line":59,"column":0},"end":{"line":59,"column":15}},"30":{"start":{"line":62,"column":16},"end":{"line":65,"column":2}},"31":{"start":{"line":67,"column":0},"end":{"line":67,"column":17}},"32":{"start":{"line":70,"column":0},"end":{"line":70,"column":15}},"33":{"start":{"line":73,"column":0},"end":{"line":77,"column":2}},"34":{"start":{"line":79,"column":0},"end":{"line":92,"column":1}},"35":{"start":{"line":80,"column":2},"end":{"line":80,"column":25}},"36":{"start":{"line":83,"column":24},"end":{"line":88,"column":3}},"37":{"start":{"line":91,"column":2},"end":{"line":91,"column":59}},"38":{"start":{"line":97,"column":0},"end":{"line":102,"column":3}},"39":{"start":{"line":98,"column":16},"end":{"line":98,"column":37}},"40":{"start":{"line":99,"column":18},"end":{"line":99,"column":29}},"41":{"start":{"line":100,"column":14},"end":{"line":100,"column":22}},"42":{"start":{"line":101,"column":1},"end":{"line":101,"column":75}},"43":{"start":{"line":107,"column":0},"end":{"line":110,"column":28}},"44":{"start":{"line":108,"column":12},"end":{"line":108,"column":16}},"45":{"start":{"line":109,"column":1},"end":{"line":109,"column":73}},"46":{"start":{"line":109,"column":24},"end":{"line":109,"column":71}},"47":{"start":{"line":110,"column":7},"end":{"line":110,"column":28}}},"fnMap":{"0":{"name":"(anonymous_0)","decl":{"start":{"line":97,"column":8},"end":{"line":97,"column":9}},"loc":{"start":{"line":97,"column":33},"end":{"line":102,"column":1}},"line":97},"1":{"name":"(anonymous_1)","decl":{"start":{"line":109,"column":18},"end":{"line":109,"column":19}},"loc":{"start":{"line":109,"column":24},"end":{"line":109,"column":71}},"line":109}},"branchMap":{"0":{"loc":{"start":{"line":79,"column":0},"end":{"line":92,"column":1}},"type":"if","locations":[{"start":{"line":79,"column":0},"end":{"line":92,"column":1}},{"start":{"line":79,"column":0},"end":{"line":92,"column":1}}],"line":79},"1":{"loc":{"start":{"line":98,"column":16},"end":{"line":98,"column":37}},"type":"binary-expr","locations":[{"start":{"line":98,"column":16},"end":{"line":98,"column":30}},{"start":{"line":98,"column":34},"end":{"line":98,"column":37}}],"line":98},"2":{"loc":{"start":{"line":107,"column":0},"end":{"line":110,"column":28}},"type":"if","locations":[{"start":{"line":107,"column":0},"end":{"line":110,"column":28}},{"start":{"line":107,"column":0},"end":{"line":110,"column":28}}],"line":107}},"s":{"0":4,"1":4,"2":4,"3":4,"4":4,"5":4,"6":4,"7":4,"8":4,"9":4,"10":4,"11":4,"12":4,"13":4,"14":4,"15":4,"16":4,"17":4,"18":4,"19":4,"20":4,"21":4,"22":4,"23":4,"24":4,"25":4,"26":4,"27":4,"28":4,"29":4,"30":4,"31":4,"32":4,"33":4,"34":4,"35":0,"36":4,"37":4,"38":4,"39":23,"40":23,"41":23,"42":23,"43":4,"44":0,"45":0,"46":0,"47":4},"f":{"0":23,"1":0},"b":{"0":[0,4],"1":[23,0],"2":[0,4]},"_coverageSchema":"1a1c01bbd47fc00a2c39e90264f33305004495a9","hash":"d8c93326a26d1aa6995fafe91803e3afc5ec3a52"}
,"/home/azh/code/benchmarking-amrilazhar/controllers/authController.js": {"path":"/home/azh/code/benchmarking-amrilazhar/controllers/authController.js","statementMap":{"0":{"start":{"line":1,"column":12},"end":{"line":1,"column":35}},"1":{"start":{"line":2,"column":17},"end":{"line":2,"column":37}},"2":{"start":{"line":6,"column":4},"end":{"line":31,"column":3}},"3":{"start":{"line":7,"column":19},"end":{"line":11,"column":7}},"4":{"start":{"line":12,"column":20},"end":{"line":19,"column":7}},"5":{"start":{"line":20,"column":6},"end":{"line":23,"column":9}},"6":{"start":{"line":26,"column":3},"end":{"line":29,"column":4}},"7":{"start":{"line":27,"column":4},"end":{"line":27,"column":27}},"8":{"start":{"line":28,"column":8},"end":{"line":28,"column":48}},"9":{"start":{"line":30,"column":3},"end":{"line":30,"column":15}},"10":{"start":{"line":36,"column":0},"end":{"line":36,"column":38}}},"fnMap":{"0":{"name":"(anonymous_0)","decl":{"start":{"line":5,"column":2},"end":{"line":5,"column":3}},"loc":{"start":{"line":5,"column":27},"end":{"line":32,"column":3}},"line":5}},"branchMap":{"0":{"loc":{"start":{"line":26,"column":3},"end":{"line":29,"column":4}},"type":"if","locations":[{"start":{"line":26,"column":3},"end":{"line":29,"column":4}},{"start":{"line":26,"column":3},"end":{"line":29,"column":4}}],"line":26}},"s":{"0":4,"1":4,"2":2,"3":2,"4":2,"5":2,"6":0,"7":0,"8":0,"9":0,"10":4},"f":{"0":2},"b":{"0":[0,0]},"_coverageSchema":"1a1c01bbd47fc00a2c39e90264f33305004495a9","hash":"1b2fe7dd51da42ef724ec3e6735585c98813563d"}
,"/home/azh/code/benchmarking-amrilazhar/controllers/photoController.js": {"path":"/home/azh/code/benchmarking-amrilazhar/controllers/photoController.js","statementMap":{"0":{"start":{"line":1,"column":26},"end":{"line":1,"column":46}},"1":{"start":{"line":2,"column":19},"end":{"line":2,"column":52}},"2":{"start":{"line":3,"column":17},"end":{"line":3,"column":48}},"3":{"start":{"line":7,"column":2},"end":{"line":34,"column":3}},"4":{"start":{"line":8,"column":14},"end":{"line":8,"column":49}},"5":{"start":{"line":9,"column":15},"end":{"line":9,"column":53}},"6":{"start":{"line":11,"column":20},"end":{"line":11,"column":24}},"7":{"start":{"line":12,"column":3},"end":{"line":22,"column":4}},"8":{"start":{"line":14,"column":5},"end":{"line":14,"column":66}},"9":{"start":{"line":15,"column":5},"end":{"line":15,"column":11}},"10":{"start":{"line":17,"column":5},"end":{"line":17,"column":74}},"11":{"start":{"line":18,"column":5},"end":{"line":18,"column":11}},"12":{"start":{"line":20,"column":5},"end":{"line":20,"column":30}},"13":{"start":{"line":21,"column":5},"end":{"line":21,"column":11}},"14":{"start":{"line":23,"column":3},"end":{"line":26,"column":74}},"15":{"start":{"line":24,"column":4},"end":{"line":24,"column":73}},"16":{"start":{"line":26,"column":4},"end":{"line":26,"column":74}},"17":{"start":{"line":29,"column":3},"end":{"line":32,"column":4}},"18":{"start":{"line":30,"column":4},"end":{"line":30,"column":27}},"19":{"start":{"line":31,"column":4},"end":{"line":31,"column":44}},"20":{"start":{"line":33,"column":3},"end":{"line":33,"column":15}},"21":{"start":{"line":39,"column":2},"end":{"line":91,"column":3}},"22":{"start":{"line":40,"column":17},"end":{"line":40,"column":70}},"23":{"start":{"line":42,"column":3},"end":{"line":61,"column":4}},"24":{"start":{"line":45,"column":5},"end":{"line":49,"column":6}},"25":{"start":{"line":46,"column":20},"end":{"line":46,"column":57}},"26":{"start":{"line":47,"column":6},"end":{"line":47,"column":29}},"27":{"start":{"line":48,"column":6},"end":{"line":48,"column":18}},"28":{"start":{"line":50,"column":5},"end":{"line":50,"column":11}},"29":{"start":{"line":52,"column":5},"end":{"line":56,"column":6}},"30":{"start":{"line":53,"column":20},"end":{"line":53,"column":57}},"31":{"start":{"line":54,"column":6},"end":{"line":54,"column":29}},"32":{"start":{"line":55,"column":6},"end":{"line":55,"column":18}},"33":{"start":{"line":57,"column":5},"end":{"line":57,"column":11}},"34":{"start":{"line":59,"column":5},"end":{"line":59,"column":20}},"35":{"start":{"line":60,"column":5},"end":{"line":60,"column":11}},"36":{"start":{"line":63,"column":3},"end":{"line":83,"column":4}},"37":{"start":{"line":64,"column":23},"end":{"line":68,"column":5}},"38":{"start":{"line":70,"column":21},"end":{"line":73,"column":12}},"39":{"start":{"line":74,"column":4},"end":{"line":76,"column":5}},"40":{"start":{"line":75,"column":5},"end":{"line":75,"column":43}},"41":{"start":{"line":78,"column":4},"end":{"line":78,"column":46}},"42":{"start":{"line":80,"column":4},"end":{"line":82,"column":75}},"43":{"start":{"line":86,"column":3},"end":{"line":89,"column":4}},"44":{"start":{"line":87,"column":4},"end":{"line":87,"column":27}},"45":{"start":{"line":88,"column":4},"end":{"line":88,"column":44}},"46":{"start":{"line":90,"column":3},"end":{"line":90,"column":15}},"47":{"start":{"line":96,"column":2},"end":{"line":130,"column":3}},"48":{"start":{"line":97,"column":19},"end":{"line":97,"column":23}},"49":{"start":{"line":98,"column":3},"end":{"line":111,"column":4}},"50":{"start":{"line":100,"column":5},"end":{"line":100,"column":74}},"51":{"start":{"line":101,"column":5},"end":{"line":103,"column":6}},"52":{"start":{"line":102,"column":6},"end":{"line":102,"column":23}},"53":{"start":{"line":104,"column":5},"end":{"line":104,"column":11}},"54":{"start":{"line":106,"column":5},"end":{"line":106,"column":61}},"55":{"start":{"line":107,"column":5},"end":{"line":107,"column":11}},"56":{"start":{"line":109,"column":5},"end":{"line":109,"column":22}},"57":{"start":{"line":110,"column":5},"end":{"line":110,"column":11}},"58":{"start":{"line":113,"column":3},"end":{"line":122,"column":4}},"59":{"start":{"line":114,"column":4},"end":{"line":117,"column":7}},"60":{"start":{"line":119,"column":4},"end":{"line":121,"column":75}},"61":{"start":{"line":125,"column":3},"end":{"line":128,"column":4}},"62":{"start":{"line":126,"column":4},"end":{"line":126,"column":27}},"63":{"start":{"line":127,"column":4},"end":{"line":127,"column":44}},"64":{"start":{"line":129,"column":3},"end":{"line":129,"column":15}},"65":{"start":{"line":135,"column":2},"end":{"line":163,"column":3}},"66":{"start":{"line":136,"column":19},"end":{"line":140,"column":4}},"67":{"start":{"line":142,"column":23},"end":{"line":145,"column":4}},"68":{"start":{"line":147,"column":3},"end":{"line":155,"column":4}},"69":{"start":{"line":148,"column":4},"end":{"line":150,"column":56}},"70":{"start":{"line":152,"column":4},"end":{"line":154,"column":67}},"71":{"start":{"line":158,"column":3},"end":{"line":161,"column":4}},"72":{"start":{"line":159,"column":4},"end":{"line":159,"column":27}},"73":{"start":{"line":160,"column":4},"end":{"line":160,"column":44}},"74":{"start":{"line":162,"column":3},"end":{"line":162,"column":15}},"75":{"start":{"line":168,"column":2},"end":{"line":225,"column":3}},"76":{"start":{"line":169,"column":17},"end":{"line":169,"column":45}},"77":{"start":{"line":171,"column":25},"end":{"line":175,"column":4}},"78":{"start":{"line":177,"column":23},"end":{"line":184,"column":4}},"79":{"start":{"line":186,"column":3},"end":{"line":188,"column":4}},"80":{"start":{"line":187,"column":4},"end":{"line":187,"column":44}},"81":{"start":{"line":190,"column":3},"end":{"line":192,"column":4}},"82":{"start":{"line":191,"column":4},"end":{"line":191,"column":56}},"83":{"start":{"line":194,"column":16},"end":{"line":206,"column":5}},"84":{"start":{"line":195,"column":4},"end":{"line":205,"column":5}},"85":{"start":{"line":196,"column":20},"end":{"line":196,"column":60}},"86":{"start":{"line":197,"column":5},"end":{"line":197,"column":41}},"87":{"start":{"line":198,"column":18},"end":{"line":198,"column":35}},"88":{"start":{"line":199,"column":5},"end":{"line":199,"column":19}},"89":{"start":{"line":200,"column":11},"end":{"line":205,"column":5}},"90":{"start":{"line":201,"column":18},"end":{"line":201,"column":54}},"91":{"start":{"line":202,"column":5},"end":{"line":202,"column":40}},"92":{"start":{"line":203,"column":18},"end":{"line":203,"column":36}},"93":{"start":{"line":204,"column":5},"end":{"line":204,"column":19}},"94":{"start":{"line":209,"column":19},"end":{"line":209,"column":44}},"95":{"start":{"line":210,"column":16},"end":{"line":210,"column":38}},"96":{"start":{"line":213,"column":3},"end":{"line":215,"column":6}},"97":{"start":{"line":214,"column":4},"end":{"line":214,"column":25}},"98":{"start":{"line":217,"column":3},"end":{"line":217,"column":39}},"99":{"start":{"line":220,"column":3},"end":{"line":223,"column":4}},"100":{"start":{"line":221,"column":4},"end":{"line":221,"column":27}},"101":{"start":{"line":222,"column":4},"end":{"line":222,"column":44}},"102":{"start":{"line":224,"column":3},"end":{"line":224,"column":15}},"103":{"start":{"line":229,"column":0},"end":{"line":229,"column":39}}},"fnMap":{"0":{"name":"(anonymous_0)","decl":{"start":{"line":6,"column":1},"end":{"line":6,"column":2}},"loc":{"start":{"line":6,"column":35},"end":{"line":35,"column":2}},"line":6},"1":{"name":"(anonymous_1)","decl":{"start":{"line":38,"column":1},"end":{"line":38,"column":2}},"loc":{"start":{"line":38,"column":36},"end":{"line":92,"column":2}},"line":38},"2":{"name":"(anonymous_2)","decl":{"start":{"line":95,"column":1},"end":{"line":95,"column":2}},"loc":{"start":{"line":95,"column":38},"end":{"line":131,"column":2}},"line":95},"3":{"name":"(anonymous_3)","decl":{"start":{"line":134,"column":1},"end":{"line":134,"column":2}},"loc":{"start":{"line":134,"column":35},"end":{"line":164,"column":2}},"line":134},"4":{"name":"(anonymous_4)","decl":{"start":{"line":167,"column":1},"end":{"line":167,"column":2}},"loc":{"start":{"line":167,"column":30},"end":{"line":226,"column":2}},"line":167},"5":{"name":"(anonymous_5)","decl":{"start":{"line":194,"column":28},"end":{"line":194,"column":29}},"loc":{"start":{"line":194,"column":42},"end":{"line":206,"column":4}},"line":194},"6":{"name":"(anonymous_6)","decl":{"start":{"line":213,"column":21},"end":{"line":213,"column":22}},"loc":{"start":{"line":213,"column":29},"end":{"line":215,"column":4}},"line":213}},"branchMap":{"0":{"loc":{"start":{"line":8,"column":14},"end":{"line":8,"column":49}},"type":"cond-expr","locations":[{"start":{"line":8,"column":31},"end":{"line":8,"column":45}},{"start":{"line":8,"column":48},"end":{"line":8,"column":49}}],"line":8},"1":{"loc":{"start":{"line":9,"column":15},"end":{"line":9,"column":53}},"type":"cond-expr","locations":[{"start":{"line":9,"column":33},"end":{"line":9,"column":48}},{"start":{"line":9,"column":51},"end":{"line":9,"column":53}}],"line":9},"2":{"loc":{"start":{"line":12,"column":3},"end":{"line":22,"column":4}},"type":"switch","locations":[{"start":{"line":13,"column":4},"end":{"line":15,"column":11}},{"start":{"line":16,"column":4},"end":{"line":18,"column":11}},{"start":{"line":19,"column":4},"end":{"line":21,"column":11}}],"line":12},"3":{"loc":{"start":{"line":23,"column":3},"end":{"line":26,"column":74}},"type":"if","locations":[{"start":{"line":23,"column":3},"end":{"line":26,"column":74}},{"start":{"line":23,"column":3},"end":{"line":26,"column":74}}],"line":23},"4":{"loc":{"start":{"line":29,"column":3},"end":{"line":32,"column":4}},"type":"if","locations":[{"start":{"line":29,"column":3},"end":{"line":32,"column":4}},{"start":{"line":29,"column":3},"end":{"line":32,"column":4}}],"line":29},"5":{"loc":{"start":{"line":42,"column":3},"end":{"line":61,"column":4}},"type":"switch","locations":[{"start":{"line":43,"column":4},"end":{"line":50,"column":11}},{"start":{"line":51,"column":4},"end":{"line":57,"column":11}},{"start":{"line":58,"column":4},"end":{"line":60,"column":11}}],"line":42},"6":{"loc":{"start":{"line":45,"column":5},"end":{"line":49,"column":6}},"type":"if","locations":[{"start":{"line":45,"column":5},"end":{"line":49,"column":6}},{"start":{"line":45,"column":5},"end":{"line":49,"column":6}}],"line":45},"7":{"loc":{"start":{"line":52,"column":5},"end":{"line":56,"column":6}},"type":"if","locations":[{"start":{"line":52,"column":5},"end":{"line":56,"column":6}},{"start":{"line":52,"column":5},"end":{"line":56,"column":6}}],"line":52},"8":{"loc":{"start":{"line":63,"column":3},"end":{"line":83,"column":4}},"type":"if","locations":[{"start":{"line":63,"column":3},"end":{"line":83,"column":4}},{"start":{"line":63,"column":3},"end":{"line":83,"column":4}}],"line":63},"9":{"loc":{"start":{"line":74,"column":4},"end":{"line":76,"column":5}},"type":"if","locations":[{"start":{"line":74,"column":4},"end":{"line":76,"column":5}},{"start":{"line":74,"column":4},"end":{"line":76,"column":5}}],"line":74},"10":{"loc":{"start":{"line":86,"column":3},"end":{"line":89,"column":4}},"type":"if","locations":[{"start":{"line":86,"column":3},"end":{"line":89,"column":4}},{"start":{"line":86,"column":3},"end":{"line":89,"column":4}}],"line":86},"11":{"loc":{"start":{"line":98,"column":3},"end":{"line":111,"column":4}},"type":"switch","locations":[{"start":{"line":99,"column":4},"end":{"line":104,"column":11}},{"start":{"line":105,"column":4},"end":{"line":107,"column":11}},{"start":{"line":108,"column":4},"end":{"line":110,"column":11}}],"line":98},"12":{"loc":{"start":{"line":101,"column":5},"end":{"line":103,"column":6}},"type":"if","locations":[{"start":{"line":101,"column":5},"end":{"line":103,"column":6}},{"start":{"line":101,"column":5},"end":{"line":103,"column":6}}],"line":101},"13":{"loc":{"start":{"line":113,"column":3},"end":{"line":122,"column":4}},"type":"if","locations":[{"start":{"line":113,"column":3},"end":{"line":122,"column":4}},{"start":{"line":113,"column":3},"end":{"line":122,"column":4}}],"line":113},"14":{"loc":{"start":{"line":125,"column":3},"end":{"line":128,"column":4}},"type":"if","locations":[{"start":{"line":125,"column":3},"end":{"line":128,"column":4}},{"start":{"line":125,"column":3},"end":{"line":128,"column":4}}],"line":125},"15":{"loc":{"start":{"line":138,"column":10},"end":{"line":138,"column":45}},"type":"cond-expr","locations":[{"start":{"line":138,"column":27},"end":{"line":138,"column":41}},{"start":{"line":138,"column":44},"end":{"line":138,"column":45}}],"line":138},"16":{"loc":{"start":{"line":139,"column":11},"end":{"line":139,"column":49}},"type":"cond-expr","locations":[{"start":{"line":139,"column":29},"end":{"line":139,"column":44}},{"start":{"line":139,"column":47},"end":{"line":139,"column":49}}],"line":139},"17":{"loc":{"start":{"line":147,"column":3},"end":{"line":155,"column":4}},"type":"if","locations":[{"start":{"line":147,"column":3},"end":{"line":155,"column":4}},{"start":{"line":147,"column":3},"end":{"line":155,"column":4}}],"line":147},"18":{"loc":{"start":{"line":158,"column":3},"end":{"line":161,"column":4}},"type":"if","locations":[{"start":{"line":158,"column":3},"end":{"line":161,"column":4}},{"start":{"line":158,"column":3},"end":{"line":161,"column":4}}],"line":158},"19":{"loc":{"start":{"line":173,"column":10},"end":{"line":173,"column":45}},"type":"cond-expr","locations":[{"start":{"line":173,"column":27},"end":{"line":173,"column":41}},{"start":{"line":173,"column":44},"end":{"line":173,"column":45}}],"line":173},"20":{"loc":{"start":{"line":174,"column":13},"end":{"line":174,"column":51}},"type":"cond-expr","locations":[{"start":{"line":174,"column":31},"end":{"line":174,"column":46}},{"start":{"line":174,"column":49},"end":{"line":174,"column":51}}],"line":174},"21":{"loc":{"start":{"line":179,"column":10},"end":{"line":179,"column":51}},"type":"cond-expr","locations":[{"start":{"line":179,"column":27},"end":{"line":179,"column":47}},{"start":{"line":179,"column":50},"end":{"line":179,"column":51}}],"line":179},"22":{"loc":{"start":{"line":180,"column":14},"end":{"line":180,"column":58}},"type":"cond-expr","locations":[{"start":{"line":180,"column":32},"end":{"line":180,"column":53}},{"start":{"line":180,"column":56},"end":{"line":180,"column":58}}],"line":180},"23":{"loc":{"start":{"line":186,"column":3},"end":{"line":188,"column":4}},"type":"if","locations":[{"start":{"line":186,"column":3},"end":{"line":188,"column":4}},{"start":{"line":186,"column":3},"end":{"line":188,"column":4}}],"line":186},"24":{"loc":{"start":{"line":190,"column":3},"end":{"line":192,"column":4}},"type":"if","locations":[{"start":{"line":190,"column":3},"end":{"line":192,"column":4}},{"start":{"line":190,"column":3},"end":{"line":192,"column":4}}],"line":190},"25":{"loc":{"start":{"line":195,"column":4},"end":{"line":205,"column":5}},"type":"if","locations":[{"start":{"line":195,"column":4},"end":{"line":205,"column":5}},{"start":{"line":195,"column":4},"end":{"line":205,"column":5}}],"line":195},"26":{"loc":{"start":{"line":200,"column":11},"end":{"line":205,"column":5}},"type":"if","locations":[{"start":{"line":200,"column":11},"end":{"line":205,"column":5}},{"start":{"line":200,"column":11},"end":{"line":205,"column":5}}],"line":200},"27":{"loc":{"start":{"line":220,"column":3},"end":{"line":223,"column":4}},"type":"if","locations":[{"start":{"line":220,"column":3},"end":{"line":223,"column":4}},{"start":{"line":220,"column":3},"end":{"line":223,"column":4}}],"line":220}},"s":{"0":4,"1":4,"2":4,"3":2,"4":2,"5":2,"6":2,"7":2,"8":1,"9":1,"10":1,"11":1,"12":0,"13":0,"14":2,"15":0,"16":2,"17":0,"18":0,"19":0,"20":0,"21":2,"22":2,"23":2,"24":0,"25":0,"26":0,"27":0,"28":0,"29":2,"30":1,"31":1,"32":1,"33":1,"34":0,"35":0,"36":1,"37":1,"38":1,"39":1,"40":1,"41":1,"42":0,"43":1,"44":0,"45":0,"46":1,"47":4,"48":4,"49":4,"50":2,"51":2,"52":1,"53":2,"54":2,"55":2,"56":0,"57":0,"58":4,"59":2,"60":2,"61":0,"62":0,"63":0,"64":0,"65":2,"66":2,"67":2,"68":2,"69":1,"70":1,"71":0,"72":0,"73":0,"74":0,"75":2,"76":2,"77":2,"78":2,"79":2,"80":0,"81":2,"82":0,"83":2,"84":2,"85":1,"86":1,"87":1,"88":1,"89":1,"90":1,"91":1,"92":1,"93":1,"94":2,"95":2,"96":2,"97":2,"98":2,"99":0,"100":0,"101":0,"102":0,"103":4},"f":{"0":2,"1":2,"2":4,"3":2,"4":2,"5":2,"6":2},"b":{"0":[2,0],"1":[2,0],"2":[1,1,0],"3":[0,2],"4":[0,0],"5":[0,2,0],"6":[0,0],"7":[1,1],"8":[1,0],"9":[1,0],"10":[0,1],"11":[2,2,0],"12":[1,1],"13":[2,2],"14":[0,0],"15":[2,0],"16":[2,0],"17":[1,1],"18":[0,0],"19":[2,0],"20":[2,0],"21":[2,0],"22":[2,0],"23":[0,2],"24":[0,2],"25":[1,1],"26":[1,0],"27":[0,0]},"_coverageSchema":"1a1c01bbd47fc00a2c39e90264f33305004495a9","hash":"70c535c4697434585ba0192da6b5c52614c4a2dd"}
,"/home/azh/code/benchmarking-amrilazhar/controllers/reviewController.js": {"path":"/home/azh/code/benchmarking-amrilazhar/controllers/reviewController.js","statementMap":{"0":{"start":{"line":1,"column":26},"end":{"line":1,"column":46}},"1":{"start":{"line":2,"column":19},"end":{"line":2,"column":52}},"2":{"start":{"line":3,"column":17},"end":{"line":3,"column":48}},"3":{"start":{"line":6,"column":2},"end":{"line":36,"column":3}},"4":{"start":{"line":7,"column":3},"end":{"line":7,"column":34}},"5":{"start":{"line":8,"column":24},"end":{"line":10,"column":41}},"6":{"start":{"line":13,"column":3},"end":{"line":17,"column":4}},"7":{"start":{"line":14,"column":18},"end":{"line":14,"column":47}},"8":{"start":{"line":15,"column":4},"end":{"line":15,"column":27}},"9":{"start":{"line":16,"column":4},"end":{"line":16,"column":16}},"10":{"start":{"line":19,"column":3},"end":{"line":23,"column":4}},"11":{"start":{"line":20,"column":4},"end":{"line":22,"column":7}},"12":{"start":{"line":26,"column":3},"end":{"line":29,"column":6}},"13":{"start":{"line":31,"column":3},"end":{"line":34,"column":4}},"14":{"start":{"line":32,"column":4},"end":{"line":32,"column":27}},"15":{"start":{"line":33,"column":4},"end":{"line":33,"column":44}},"16":{"start":{"line":35,"column":3},"end":{"line":35,"column":15}},"17":{"start":{"line":40,"column":2},"end":{"line":116,"column":3}},"18":{"start":{"line":43,"column":21},"end":{"line":48,"column":4}},"19":{"start":{"line":49,"column":3},"end":{"line":49,"column":34}},"20":{"start":{"line":52,"column":17},"end":{"line":52,"column":76}},"21":{"start":{"line":54,"column":3},"end":{"line":87,"column":4}},"22":{"start":{"line":57,"column":5},"end":{"line":69,"column":6}},"23":{"start":{"line":58,"column":6},"end":{"line":58,"column":63}},"24":{"start":{"line":59,"column":6},"end":{"line":63,"column":7}},"25":{"start":{"line":60,"column":21},"end":{"line":60,"column":49}},"26":{"start":{"line":61,"column":7},"end":{"line":61,"column":30}},"27":{"start":{"line":62,"column":7},"end":{"line":62,"column":19}},"28":{"start":{"line":64,"column":6},"end":{"line":66,"column":8}},"29":{"start":{"line":68,"column":6},"end":{"line":68,"column":36}},"30":{"start":{"line":70,"column":5},"end":{"line":70,"column":11}},"31":{"start":{"line":72,"column":5},"end":{"line":82,"column":6}},"32":{"start":{"line":73,"column":6},"end":{"line":73,"column":61}},"33":{"start":{"line":74,"column":6},"end":{"line":78,"column":7}},"34":{"start":{"line":75,"column":21},"end":{"line":75,"column":49}},"35":{"start":{"line":76,"column":7},"end":{"line":76,"column":30}},"36":{"start":{"line":77,"column":7},"end":{"line":77,"column":19}},"37":{"start":{"line":79,"column":6},"end":{"line":79,"column":67}},"38":{"start":{"line":81,"column":6},"end":{"line":81,"column":36}},"39":{"start":{"line":83,"column":5},"end":{"line":83,"column":11}},"40":{"start":{"line":85,"column":5},"end":{"line":85,"column":20}},"41":{"start":{"line":86,"column":5},"end":{"line":86,"column":11}},"42":{"start":{"line":90,"column":3},"end":{"line":90,"column":42}},"43":{"start":{"line":93,"column":14},"end":{"line":93,"column":46}},"44":{"start":{"line":95,"column":3},"end":{"line":98,"column":6}},"45":{"start":{"line":100,"column":3},"end":{"line":115,"column":4}},"46":{"start":{"line":105,"column":4},"end":{"line":105,"column":22}},"47":{"start":{"line":106,"column":4},"end":{"line":106,"column":52}},"48":{"start":{"line":107,"column":4},"end":{"line":107,"column":12}},"49":{"start":{"line":110,"column":4},"end":{"line":113,"column":5}},"50":{"start":{"line":111,"column":5},"end":{"line":111,"column":24}},"51":{"start":{"line":112,"column":5},"end":{"line":112,"column":41}},"52":{"start":{"line":114,"column":4},"end":{"line":114,"column":12}},"53":{"start":{"line":120,"column":2},"end":{"line":182,"column":3}},"54":{"start":{"line":121,"column":20},"end":{"line":121,"column":22}},"55":{"start":{"line":123,"column":3},"end":{"line":125,"column":4}},"56":{"start":{"line":124,"column":4},"end":{"line":124,"column":38}},"57":{"start":{"line":127,"column":3},"end":{"line":129,"column":4}},"58":{"start":{"line":128,"column":4},"end":{"line":128,"column":46}},"59":{"start":{"line":131,"column":3},"end":{"line":133,"column":4}},"60":{"start":{"line":132,"column":4},"end":{"line":132,"column":40}},"61":{"start":{"line":135,"column":3},"end":{"line":137,"column":4}},"62":{"start":{"line":136,"column":4},"end":{"line":136,"column":44}},"63":{"start":{"line":139,"column":3},"end":{"line":143,"column":4}},"64":{"start":{"line":140,"column":18},"end":{"line":140,"column":51}},"65":{"start":{"line":141,"column":4},"end":{"line":141,"column":27}},"66":{"start":{"line":142,"column":4},"end":{"line":142,"column":16}},"67":{"start":{"line":145,"column":3},"end":{"line":145,"column":34}},"68":{"start":{"line":146,"column":24},"end":{"line":146,"column":60}},"69":{"start":{"line":148,"column":3},"end":{"line":152,"column":4}},"70":{"start":{"line":149,"column":18},"end":{"line":149,"column":67}},"71":{"start":{"line":150,"column":4},"end":{"line":150,"column":27}},"72":{"start":{"line":151,"column":4},"end":{"line":151,"column":16}},"73":{"start":{"line":154,"column":3},"end":{"line":158,"column":4}},"74":{"start":{"line":155,"column":18},"end":{"line":155,"column":46}},"75":{"start":{"line":156,"column":4},"end":{"line":156,"column":27}},"76":{"start":{"line":157,"column":4},"end":{"line":157,"column":16}},"77":{"start":{"line":161,"column":14},"end":{"line":169,"column":4}},"78":{"start":{"line":172,"column":3},"end":{"line":175,"column":6}},"79":{"start":{"line":177,"column":3},"end":{"line":180,"column":4}},"80":{"start":{"line":178,"column":4},"end":{"line":178,"column":27}},"81":{"start":{"line":179,"column":4},"end":{"line":179,"column":44}},"82":{"start":{"line":181,"column":3},"end":{"line":181,"column":15}},"83":{"start":{"line":186,"column":2},"end":{"line":207,"column":3}},"84":{"start":{"line":187,"column":24},"end":{"line":187,"column":60}},"85":{"start":{"line":189,"column":3},"end":{"line":193,"column":4}},"86":{"start":{"line":190,"column":4},"end":{"line":192,"column":7}},"87":{"start":{"line":195,"column":14},"end":{"line":195,"column":67}},"88":{"start":{"line":198,"column":3},"end":{"line":200,"column":6}},"89":{"start":{"line":202,"column":3},"end":{"line":205,"column":4}},"90":{"start":{"line":203,"column":4},"end":{"line":203,"column":27}},"91":{"start":{"line":204,"column":4},"end":{"line":204,"column":44}},"92":{"start":{"line":206,"column":3},"end":{"line":206,"column":15}},"93":{"start":{"line":211,"column":0},"end":{"line":211,"column":40}}},"fnMap":{"0":{"name":"(anonymous_0)","decl":{"start":{"line":5,"column":1},"end":{"line":5,"column":2}},"loc":{"start":{"line":5,"column":30},"end":{"line":37,"column":2}},"line":5},"1":{"name":"(anonymous_1)","decl":{"start":{"line":39,"column":1},"end":{"line":39,"column":2}},"loc":{"start":{"line":39,"column":30},"end":{"line":117,"column":2}},"line":39},"2":{"name":"(anonymous_2)","decl":{"start":{"line":119,"column":1},"end":{"line":119,"column":2}},"loc":{"start":{"line":119,"column":30},"end":{"line":183,"column":2}},"line":119},"3":{"name":"(anonymous_3)","decl":{"start":{"line":185,"column":1},"end":{"line":185,"column":2}},"loc":{"start":{"line":185,"column":30},"end":{"line":208,"column":2}},"line":185}},"branchMap":{"0":{"loc":{"start":{"line":13,"column":3},"end":{"line":17,"column":4}},"type":"if","locations":[{"start":{"line":13,"column":3},"end":{"line":17,"column":4}},{"start":{"line":13,"column":3},"end":{"line":17,"column":4}}],"line":13},"1":{"loc":{"start":{"line":19,"column":3},"end":{"line":23,"column":4}},"type":"if","locations":[{"start":{"line":19,"column":3},"end":{"line":23,"column":4}},{"start":{"line":19,"column":3},"end":{"line":23,"column":4}}],"line":19},"2":{"loc":{"start":{"line":19,"column":7},"end":{"line":19,"column":69}},"type":"binary-expr","locations":[{"start":{"line":19,"column":7},"end":{"line":19,"column":54}},{"start":{"line":19,"column":58},"end":{"line":19,"column":69}}],"line":19},"3":{"loc":{"start":{"line":31,"column":3},"end":{"line":34,"column":4}},"type":"if","locations":[{"start":{"line":31,"column":3},"end":{"line":34,"column":4}},{"start":{"line":31,"column":3},"end":{"line":34,"column":4}}],"line":31},"4":{"loc":{"start":{"line":54,"column":3},"end":{"line":87,"column":4}},"type":"switch","locations":[{"start":{"line":55,"column":4},"end":{"line":70,"column":11}},{"start":{"line":71,"column":4},"end":{"line":83,"column":11}},{"start":{"line":84,"column":4},"end":{"line":86,"column":11}}],"line":54},"5":{"loc":{"start":{"line":57,"column":5},"end":{"line":69,"column":6}},"type":"if","locations":[{"start":{"line":57,"column":5},"end":{"line":69,"column":6}},{"start":{"line":57,"column":5},"end":{"line":69,"column":6}}],"line":57},"6":{"loc":{"start":{"line":59,"column":6},"end":{"line":63,"column":7}},"type":"if","locations":[{"start":{"line":59,"column":6},"end":{"line":63,"column":7}},{"start":{"line":59,"column":6},"end":{"line":63,"column":7}}],"line":59},"7":{"loc":{"start":{"line":72,"column":5},"end":{"line":82,"column":6}},"type":"if","locations":[{"start":{"line":72,"column":5},"end":{"line":82,"column":6}},{"start":{"line":72,"column":5},"end":{"line":82,"column":6}}],"line":72},"8":{"loc":{"start":{"line":74,"column":6},"end":{"line":78,"column":7}},"type":"if","locations":[{"start":{"line":74,"column":6},"end":{"line":78,"column":7}},{"start":{"line":74,"column":6},"end":{"line":78,"column":7}}],"line":74},"9":{"loc":{"start":{"line":100,"column":3},"end":{"line":115,"column":4}},"type":"if","locations":[{"start":{"line":100,"column":3},"end":{"line":115,"column":4}},{"start":{"line":100,"column":3},"end":{"line":115,"column":4}}],"line":100},"10":{"loc":{"start":{"line":101,"column":4},"end":{"line":103,"column":29}},"type":"binary-expr","locations":[{"start":{"line":101,"column":4},"end":{"line":101,"column":19}},{"start":{"line":102,"column":4},"end":{"line":102,"column":30}},{"start":{"line":103,"column":4},"end":{"line":103,"column":29}}],"line":101},"11":{"loc":{"start":{"line":110,"column":4},"end":{"line":113,"column":5}},"type":"if","locations":[{"start":{"line":110,"column":4},"end":{"line":113,"column":5}},{"start":{"line":110,"column":4},"end":{"line":113,"column":5}}],"line":110},"12":{"loc":{"start":{"line":123,"column":3},"end":{"line":125,"column":4}},"type":"if","locations":[{"start":{"line":123,"column":3},"end":{"line":125,"column":4}},{"start":{"line":123,"column":3},"end":{"line":125,"column":4}}],"line":123},"13":{"loc":{"start":{"line":127,"column":3},"end":{"line":129,"column":4}},"type":"if","locations":[{"start":{"line":127,"column":3},"end":{"line":129,"column":4}},{"start":{"line":127,"column":3},"end":{"line":129,"column":4}}],"line":127},"14":{"loc":{"start":{"line":131,"column":3},"end":{"line":133,"column":4}},"type":"if","locations":[{"start":{"line":131,"column":3},"end":{"line":133,"column":4}},{"start":{"line":131,"column":3},"end":{"line":133,"column":4}}],"line":131},"15":{"loc":{"start":{"line":135,"column":3},"end":{"line":137,"column":4}},"type":"if","locations":[{"start":{"line":135,"column":3},"end":{"line":137,"column":4}},{"start":{"line":135,"column":3},"end":{"line":137,"column":4}}],"line":135},"16":{"loc":{"start":{"line":139,"column":3},"end":{"line":143,"column":4}},"type":"if","locations":[{"start":{"line":139,"column":3},"end":{"line":143,"column":4}},{"start":{"line":139,"column":3},"end":{"line":143,"column":4}}],"line":139},"17":{"loc":{"start":{"line":148,"column":3},"end":{"line":152,"column":4}},"type":"if","locations":[{"start":{"line":148,"column":3},"end":{"line":152,"column":4}},{"start":{"line":148,"column":3},"end":{"line":152,"column":4}}],"line":148},"18":{"loc":{"start":{"line":148,"column":7},"end":{"line":148,"column":69}},"type":"binary-expr","locations":[{"start":{"line":148,"column":7},"end":{"line":148,"column":54}},{"start":{"line":148,"column":58},"end":{"line":148,"column":69}}],"line":148},"19":{"loc":{"start":{"line":154,"column":3},"end":{"line":158,"column":4}},"type":"if","locations":[{"start":{"line":154,"column":3},"end":{"line":158,"column":4}},{"start":{"line":154,"column":3},"end":{"line":158,"column":4}}],"line":154},"20":{"loc":{"start":{"line":177,"column":3},"end":{"line":180,"column":4}},"type":"if","locations":[{"start":{"line":177,"column":3},"end":{"line":180,"column":4}},{"start":{"line":177,"column":3},"end":{"line":180,"column":4}}],"line":177},"21":{"loc":{"start":{"line":189,"column":3},"end":{"line":193,"column":4}},"type":"if","locations":[{"start":{"line":189,"column":3},"end":{"line":193,"column":4}},{"start":{"line":189,"column":3},"end":{"line":193,"column":4}}],"line":189},"22":{"loc":{"start":{"line":189,"column":7},"end":{"line":189,"column":69}},"type":"binary-expr","locations":[{"start":{"line":189,"column":7},"end":{"line":189,"column":54}},{"start":{"line":189,"column":58},"end":{"line":189,"column":69}}],"line":189},"23":{"loc":{"start":{"line":202,"column":3},"end":{"line":205,"column":4}},"type":"if","locations":[{"start":{"line":202,"column":3},"end":{"line":205,"column":4}},{"start":{"line":202,"column":3},"end":{"line":205,"column":4}}],"line":202}},"s":{"0":4,"1":4,"2":4,"3":3,"4":3,"5":3,"6":3,"7":1,"8":1,"9":1,"10":2,"11":1,"12":1,"13":1,"14":0,"15":0,"16":1,"17":4,"18":4,"19":4,"20":4,"21":4,"22":0,"23":0,"24":0,"25":0,"26":0,"27":0,"28":0,"29":0,"30":0,"31":4,"32":0,"33":0,"34":0,"35":0,"36":0,"37":0,"38":4,"39":4,"40":0,"41":0,"42":4,"43":4,"44":3,"45":1,"46":1,"47":1,"48":1,"49":0,"50":0,"51":0,"52":0,"53":3,"54":3,"55":3,"56":0,"57":3,"58":3,"59":3,"60":3,"61":3,"62":3,"63":3,"64":0,"65":0,"66":0,"67":3,"68":3,"69":3,"70":1,"71":1,"72":1,"73":2,"74":1,"75":1,"76":1,"77":1,"78":1,"79":2,"80":0,"81":0,"82":2,"83":2,"84":2,"85":2,"86":1,"87":1,"88":1,"89":0,"90":0,"91":0,"92":0,"93":4},"f":{"0":3,"1":4,"2":3,"3":2},"b":{"0":[1,2],"1":[1,1],"2":[2,1],"3":[0,1],"4":[0,4,0],"5":[0,0],"6":[0,0],"7":[0,4],"8":[0,0],"9":[1,0],"10":[1,1,1],"11":[0,0],"12":[0,3],"13":[3,0],"14":[3,0],"15":[3,0],"16":[0,3],"17":[1,2],"18":[3,1],"19":[1,1],"20":[0,2],"21":[1,1],"22":[2,1],"23":[0,0]},"_coverageSchema":"1a1c01bbd47fc00a2c39e90264f33305004495a9","hash":"d62d825b1c2828f67c8903fb1a46f3fc5c223913"}
,"/home/azh/code/benchmarking-amrilazhar/controllers/userController.js": {"path":"/home/azh/code/benchmarking-amrilazhar/controllers/userController.js","statementMap":{"0":{"start":{"line":1,"column":32},"end":{"line":1,"column":52}},"1":{"start":{"line":2,"column":19},"end":{"line":2,"column":52}},"2":{"start":{"line":3,"column":17},"end":{"line":3,"column":48}},"3":{"start":{"line":8,"column":2},"end":{"line":19,"column":3}},"4":{"start":{"line":9,"column":18},"end":{"line":9,"column":58}},"5":{"start":{"line":10,"column":3},"end":{"line":10,"column":33}},"6":{"start":{"line":11,"column":3},"end":{"line":11,"column":71}},"7":{"start":{"line":14,"column":3},"end":{"line":17,"column":4}},"8":{"start":{"line":15,"column":4},"end":{"line":15,"column":27}},"9":{"start":{"line":16,"column":4},"end":{"line":16,"column":44}},"10":{"start":{"line":18,"column":3},"end":{"line":18,"column":15}},"11":{"start":{"line":24,"column":2},"end":{"line":51,"column":3}},"12":{"start":{"line":26,"column":3},"end":{"line":30,"column":4}},"13":{"start":{"line":27,"column":18},"end":{"line":27,"column":48}},"14":{"start":{"line":28,"column":4},"end":{"line":28,"column":27}},"15":{"start":{"line":29,"column":4},"end":{"line":29,"column":16}},"16":{"start":{"line":31,"column":18},"end":{"line":35,"column":4}},"17":{"start":{"line":37,"column":3},"end":{"line":41,"column":4}},"18":{"start":{"line":38,"column":18},"end":{"line":38,"column":48}},"19":{"start":{"line":39,"column":4},"end":{"line":39,"column":27}},"20":{"start":{"line":40,"column":4},"end":{"line":40,"column":16}},"21":{"start":{"line":42,"column":3},"end":{"line":42,"column":33}},"22":{"start":{"line":43,"column":3},"end":{"line":43,"column":71}},"23":{"start":{"line":46,"column":3},"end":{"line":49,"column":4}},"24":{"start":{"line":47,"column":4},"end":{"line":47,"column":27}},"25":{"start":{"line":48,"column":4},"end":{"line":48,"column":44}},"26":{"start":{"line":50,"column":3},"end":{"line":50,"column":15}},"27":{"start":{"line":56,"column":2},"end":{"line":88,"column":3}},"28":{"start":{"line":58,"column":24},"end":{"line":58,"column":28}},"29":{"start":{"line":59,"column":3},"end":{"line":63,"column":4}},"30":{"start":{"line":60,"column":4},"end":{"line":62,"column":5}},"31":{"start":{"line":61,"column":5},"end":{"line":61,"column":28}},"32":{"start":{"line":64,"column":19},"end":{"line":70,"column":4}},"33":{"start":{"line":72,"column":20},"end":{"line":72,"column":76}},"34":{"start":{"line":74,"column":3},"end":{"line":80,"column":4}},"35":{"start":{"line":75,"column":4},"end":{"line":75,"column":74}},"36":{"start":{"line":77,"column":18},"end":{"line":77,"column":48}},"37":{"start":{"line":78,"column":4},"end":{"line":78,"column":27}},"38":{"start":{"line":79,"column":4},"end":{"line":79,"column":16}},"39":{"start":{"line":83,"column":3},"end":{"line":86,"column":4}},"40":{"start":{"line":84,"column":4},"end":{"line":84,"column":27}},"41":{"start":{"line":85,"column":4},"end":{"line":85,"column":44}},"42":{"start":{"line":87,"column":3},"end":{"line":87,"column":15}},"43":{"start":{"line":93,"column":2},"end":{"line":119,"column":3}},"44":{"start":{"line":94,"column":22},"end":{"line":99,"column":11}},"45":{"start":{"line":100,"column":22},"end":{"line":100,"column":53}},"46":{"start":{"line":101,"column":3},"end":{"line":111,"column":4}},"47":{"start":{"line":102,"column":18},"end":{"line":104,"column":5}},"48":{"start":{"line":105,"column":4},"end":{"line":105,"column":27}},"49":{"start":{"line":106,"column":4},"end":{"line":106,"column":16}},"50":{"start":{"line":108,"column":4},"end":{"line":110,"column":67}},"51":{"start":{"line":114,"column":3},"end":{"line":117,"column":4}},"52":{"start":{"line":115,"column":4},"end":{"line":115,"column":27}},"53":{"start":{"line":116,"column":4},"end":{"line":116,"column":44}},"54":{"start":{"line":118,"column":3},"end":{"line":118,"column":15}},"55":{"start":{"line":124,"column":2},"end":{"line":189,"column":3}},"56":{"start":{"line":125,"column":18},"end":{"line":125,"column":58}},"57":{"start":{"line":126,"column":17},"end":{"line":126,"column":70}},"58":{"start":{"line":130,"column":3},"end":{"line":164,"column":4}},"59":{"start":{"line":133,"column":5},"end":{"line":145,"column":6}},"60":{"start":{"line":134,"column":6},"end":{"line":134,"column":64}},"61":{"start":{"line":135,"column":6},"end":{"line":139,"column":7}},"62":{"start":{"line":136,"column":21},"end":{"line":136,"column":49}},"63":{"start":{"line":137,"column":7},"end":{"line":137,"column":30}},"64":{"start":{"line":138,"column":7},"end":{"line":138,"column":19}},"65":{"start":{"line":140,"column":6},"end":{"line":142,"column":8}},"66":{"start":{"line":144,"column":6},"end":{"line":144,"column":34}},"67":{"start":{"line":146,"column":5},"end":{"line":146,"column":11}},"68":{"start":{"line":148,"column":5},"end":{"line":158,"column":6}},"69":{"start":{"line":149,"column":6},"end":{"line":149,"column":62}},"70":{"start":{"line":150,"column":6},"end":{"line":154,"column":7}},"71":{"start":{"line":151,"column":21},"end":{"line":151,"column":49}},"72":{"start":{"line":152,"column":7},"end":{"line":152,"column":30}},"73":{"start":{"line":153,"column":7},"end":{"line":153,"column":19}},"74":{"start":{"line":155,"column":6},"end":{"line":155,"column":65}},"75":{"start":{"line":157,"column":6},"end":{"line":157,"column":34}},"76":{"start":{"line":160,"column":5},"end":{"line":160,"column":11}},"77":{"start":{"line":162,"column":5},"end":{"line":162,"column":20}},"78":{"start":{"line":163,"column":5},"end":{"line":163,"column":11}},"79":{"start":{"line":166,"column":3},"end":{"line":181,"column":4}},"80":{"start":{"line":167,"column":4},"end":{"line":171,"column":5}},"81":{"start":{"line":168,"column":19},"end":{"line":168,"column":59}},"82":{"start":{"line":169,"column":5},"end":{"line":169,"column":28}},"83":{"start":{"line":170,"column":5},"end":{"line":170,"column":17}},"84":{"start":{"line":172,"column":4},"end":{"line":172,"column":42}},"85":{"start":{"line":173,"column":4},"end":{"line":173,"column":26}},"86":{"start":{"line":174,"column":4},"end":{"line":176,"column":64}},"87":{"start":{"line":178,"column":18},"end":{"line":178,"column":51}},"88":{"start":{"line":179,"column":4},"end":{"line":179,"column":27}},"89":{"start":{"line":180,"column":4},"end":{"line":180,"column":16}},"90":{"start":{"line":184,"column":3},"end":{"line":187,"column":4}},"91":{"start":{"line":185,"column":4},"end":{"line":185,"column":27}},"92":{"start":{"line":186,"column":4},"end":{"line":186,"column":44}},"93":{"start":{"line":188,"column":3},"end":{"line":188,"column":15}},"94":{"start":{"line":194,"column":2},"end":{"line":227,"column":3}},"95":{"start":{"line":195,"column":18},"end":{"line":195,"column":58}},"96":{"start":{"line":197,"column":3},"end":{"line":199,"column":4}},"97":{"start":{"line":198,"column":4},"end":{"line":198,"column":66}},"98":{"start":{"line":202,"column":17},"end":{"line":202,"column":70}},"99":{"start":{"line":204,"column":3},"end":{"line":208,"column":4}},"100":{"start":{"line":205,"column":18},"end":{"line":205,"column":69}},"101":{"start":{"line":206,"column":4},"end":{"line":206,"column":27}},"102":{"start":{"line":207,"column":4},"end":{"line":207,"column":16}},"103":{"start":{"line":210,"column":3},"end":{"line":210,"column":59}},"104":{"start":{"line":211,"column":3},"end":{"line":218,"column":4}},"105":{"start":{"line":212,"column":4},"end":{"line":212,"column":48}},"106":{"start":{"line":213,"column":4},"end":{"line":213,"column":26}},"107":{"start":{"line":215,"column":18},"end":{"line":215,"column":72}},"108":{"start":{"line":216,"column":4},"end":{"line":216,"column":27}},"109":{"start":{"line":217,"column":4},"end":{"line":217,"column":16}},"110":{"start":{"line":219,"column":3},"end":{"line":219,"column":71}},"111":{"start":{"line":222,"column":3},"end":{"line":225,"column":4}},"112":{"start":{"line":223,"column":4},"end":{"line":223,"column":27}},"113":{"start":{"line":224,"column":4},"end":{"line":224,"column":44}},"114":{"start":{"line":226,"column":3},"end":{"line":226,"column":15}},"115":{"start":{"line":231,"column":0},"end":{"line":231,"column":38}}},"fnMap":{"0":{"name":"(anonymous_0)","decl":{"start":{"line":7,"column":1},"end":{"line":7,"column":2}},"loc":{"start":{"line":7,"column":37},"end":{"line":20,"column":2}},"line":7},"1":{"name":"(anonymous_1)","decl":{"start":{"line":23,"column":1},"end":{"line":23,"column":2}},"loc":{"start":{"line":23,"column":34},"end":{"line":52,"column":2}},"line":23},"2":{"name":"(anonymous_2)","decl":{"start":{"line":55,"column":1},"end":{"line":55,"column":2}},"loc":{"start":{"line":55,"column":37},"end":{"line":89,"column":2}},"line":55},"3":{"name":"(anonymous_3)","decl":{"start":{"line":92,"column":1},"end":{"line":92,"column":2}},"loc":{"start":{"line":92,"column":35},"end":{"line":120,"column":2}},"line":92},"4":{"name":"(anonymous_4)","decl":{"start":{"line":123,"column":1},"end":{"line":123,"column":2}},"loc":{"start":{"line":123,"column":35},"end":{"line":190,"column":2}},"line":123},"5":{"name":"(anonymous_5)","decl":{"start":{"line":193,"column":1},"end":{"line":193,"column":2}},"loc":{"start":{"line":193,"column":38},"end":{"line":228,"column":2}},"line":193}},"branchMap":{"0":{"loc":{"start":{"line":14,"column":3},"end":{"line":17,"column":4}},"type":"if","locations":[{"start":{"line":14,"column":3},"end":{"line":17,"column":4}},{"start":{"line":14,"column":3},"end":{"line":17,"column":4}}],"line":14},"1":{"loc":{"start":{"line":26,"column":3},"end":{"line":30,"column":4}},"type":"if","locations":[{"start":{"line":26,"column":3},"end":{"line":30,"column":4}},{"start":{"line":26,"column":3},"end":{"line":30,"column":4}}],"line":26},"2":{"loc":{"start":{"line":37,"column":3},"end":{"line":41,"column":4}},"type":"if","locations":[{"start":{"line":37,"column":3},"end":{"line":41,"column":4}},{"start":{"line":37,"column":3},"end":{"line":41,"column":4}}],"line":37},"3":{"loc":{"start":{"line":46,"column":3},"end":{"line":49,"column":4}},"type":"if","locations":[{"start":{"line":46,"column":3},"end":{"line":49,"column":4}},{"start":{"line":46,"column":3},"end":{"line":49,"column":4}}],"line":46},"4":{"loc":{"start":{"line":59,"column":3},"end":{"line":63,"column":4}},"type":"if","locations":[{"start":{"line":59,"column":3},"end":{"line":63,"column":4}},{"start":{"line":59,"column":3},"end":{"line":63,"column":4}}],"line":59},"5":{"loc":{"start":{"line":60,"column":4},"end":{"line":62,"column":5}},"type":"if","locations":[{"start":{"line":60,"column":4},"end":{"line":62,"column":5}},{"start":{"line":60,"column":4},"end":{"line":62,"column":5}}],"line":60},"6":{"loc":{"start":{"line":65,"column":10},"end":{"line":65,"column":45}},"type":"cond-expr","locations":[{"start":{"line":65,"column":27},"end":{"line":65,"column":41}},{"start":{"line":65,"column":44},"end":{"line":65,"column":45}}],"line":65},"7":{"loc":{"start":{"line":66,"column":11},"end":{"line":66,"column":49}},"type":"cond-expr","locations":[{"start":{"line":66,"column":29},"end":{"line":66,"column":44}},{"start":{"line":66,"column":47},"end":{"line":66,"column":49}}],"line":66},"8":{"loc":{"start":{"line":74,"column":3},"end":{"line":80,"column":4}},"type":"if","locations":[{"start":{"line":74,"column":3},"end":{"line":80,"column":4}},{"start":{"line":74,"column":3},"end":{"line":80,"column":4}}],"line":74},"9":{"loc":{"start":{"line":83,"column":3},"end":{"line":86,"column":4}},"type":"if","locations":[{"start":{"line":83,"column":3},"end":{"line":86,"column":4}},{"start":{"line":83,"column":3},"end":{"line":86,"column":4}}],"line":83},"10":{"loc":{"start":{"line":101,"column":3},"end":{"line":111,"column":4}},"type":"if","locations":[{"start":{"line":101,"column":3},"end":{"line":111,"column":4}},{"start":{"line":101,"column":3},"end":{"line":111,"column":4}}],"line":101},"11":{"loc":{"start":{"line":114,"column":3},"end":{"line":117,"column":4}},"type":"if","locations":[{"start":{"line":114,"column":3},"end":{"line":117,"column":4}},{"start":{"line":114,"column":3},"end":{"line":117,"column":4}}],"line":114},"12":{"loc":{"start":{"line":130,"column":3},"end":{"line":164,"column":4}},"type":"switch","locations":[{"start":{"line":131,"column":4},"end":{"line":146,"column":11}},{"start":{"line":147,"column":4},"end":{"line":160,"column":11}},{"start":{"line":161,"column":4},"end":{"line":163,"column":11}}],"line":130},"13":{"loc":{"start":{"line":133,"column":5},"end":{"line":145,"column":6}},"type":"if","locations":[{"start":{"line":133,"column":5},"end":{"line":145,"column":6}},{"start":{"line":133,"column":5},"end":{"line":145,"column":6}}],"line":133},"14":{"loc":{"start":{"line":135,"column":6},"end":{"line":139,"column":7}},"type":"if","locations":[{"start":{"line":135,"column":6},"end":{"line":139,"column":7}},{"start":{"line":135,"column":6},"end":{"line":139,"column":7}}],"line":135},"15":{"loc":{"start":{"line":148,"column":5},"end":{"line":158,"column":6}},"type":"if","locations":[{"start":{"line":148,"column":5},"end":{"line":158,"column":6}},{"start":{"line":148,"column":5},"end":{"line":158,"column":6}}],"line":148},"16":{"loc":{"start":{"line":150,"column":6},"end":{"line":154,"column":7}},"type":"if","locations":[{"start":{"line":150,"column":6},"end":{"line":154,"column":7}},{"start":{"line":150,"column":6},"end":{"line":154,"column":7}}],"line":150},"17":{"loc":{"start":{"line":166,"column":3},"end":{"line":181,"column":4}},"type":"if","locations":[{"start":{"line":166,"column":3},"end":{"line":181,"column":4}},{"start":{"line":166,"column":3},"end":{"line":181,"column":4}}],"line":166},"18":{"loc":{"start":{"line":167,"column":4},"end":{"line":171,"column":5}},"type":"if","locations":[{"start":{"line":167,"column":4},"end":{"line":171,"column":5}},{"start":{"line":167,"column":4},"end":{"line":171,"column":5}}],"line":167},"19":{"loc":{"start":{"line":184,"column":3},"end":{"line":187,"column":4}},"type":"if","locations":[{"start":{"line":184,"column":3},"end":{"line":187,"column":4}},{"start":{"line":184,"column":3},"end":{"line":187,"column":4}}],"line":184},"20":{"loc":{"start":{"line":197,"column":3},"end":{"line":199,"column":4}},"type":"if","locations":[{"start":{"line":197,"column":3},"end":{"line":199,"column":4}},{"start":{"line":197,"column":3},"end":{"line":199,"column":4}}],"line":197},"21":{"loc":{"start":{"line":204,"column":3},"end":{"line":208,"column":4}},"type":"if","locations":[{"start":{"line":204,"column":3},"end":{"line":208,"column":4}},{"start":{"line":204,"column":3},"end":{"line":208,"column":4}}],"line":204},"22":{"loc":{"start":{"line":211,"column":3},"end":{"line":218,"column":4}},"type":"if","locations":[{"start":{"line":211,"column":3},"end":{"line":218,"column":4}},{"start":{"line":211,"column":3},"end":{"line":218,"column":4}}],"line":211},"23":{"loc":{"start":{"line":222,"column":3},"end":{"line":225,"column":4}},"type":"if","locations":[{"start":{"line":222,"column":3},"end":{"line":225,"column":4}},{"start":{"line":222,"column":3},"end":{"line":225,"column":4}}],"line":222}},"s":{"0":4,"1":4,"2":4,"3":0,"4":0,"5":0,"6":0,"7":0,"8":0,"9":0,"10":0,"11":3,"12":3,"13":1,"14":1,"15":1,"16":2,"17":2,"18":0,"19":0,"20":0,"21":2,"22":2,"23":1,"24":0,"25":0,"26":1,"27":3,"28":3,"29":3,"30":0,"31":0,"32":3,"33":3,"34":3,"35":2,"36":1,"37":1,"38":1,"39":1,"40":0,"41":0,"42":1,"43":1,"44":1,"45":1,"46":1,"47":1,"48":1,"49":1,"50":0,"51":1,"52":0,"53":0,"54":1,"55":2,"56":2,"57":2,"58":2,"59":0,"60":0,"61":0,"62":0,"63":0,"64":0,"65":0,"66":0,"67":0,"68":2,"69":0,"70":0,"71":0,"72":0,"73":0,"74":0,"75":2,"76":2,"77":0,"78":0,"79":2,"80":2,"81":1,"82":1,"83":1,"84":1,"85":1,"86":1,"87":0,"88":0,"89":0,"90":1,"91":0,"92":0,"93":1,"94":3,"95":3,"96":3,"97":0,"98":3,"99":3,"100":1,"101":1,"102":1,"103":2,"104":2,"105":1,"106":1,"107":1,"108":1,"109":1,"110":1,"111":2,"112":0,"113":0,"114":2,"115":4},"f":{"0":0,"1":3,"2":3,"3":1,"4":2,"5":3},"b":{"0":[0,0],"1":[1,2],"2":[0,2],"3":[0,1],"4":[0,3],"5":[0,0],"6":[0,3],"7":[0,3],"8":[2,1],"9":[0,1],"10":[1,0],"11":[0,1],"12":[0,2,0],"13":[0,0],"14":[0,0],"15":[0,2],"16":[0,0],"17":[2,0],"18":[1,1],"19":[0,1],"20":[0,3],"21":[1,2],"22":[1,1],"23":[0,2]},"_coverageSchema":"1a1c01bbd47fc00a2c39e90264f33305004495a9","hash":"d220e71125d0d10cace1dddaec83e59ee050ba20"}
,"/home/azh/code/benchmarking-amrilazhar/helpers/flickrAPI.js": {"path":"/home/azh/code/benchmarking-amrilazhar/helpers/flickrAPI.js","statementMap":{"0":{"start":{"line":1,"column":13},"end":{"line":1,"column":34}},"1":{"start":{"line":2,"column":13},"end":{"line":2,"column":51}},"2":{"start":{"line":3,"column":18},"end":{"line":3,"column":38}},"3":{"start":{"line":5,"column":0},"end":{"line":29,"column":2}},"4":{"start":{"line":6,"column":1},"end":{"line":28,"column":2}},"5":{"start":{"line":7,"column":19},"end":{"line":7,"column":50}},"6":{"start":{"line":10,"column":2},"end":{"line":10,"column":68}},"7":{"start":{"line":11,"column":2},"end":{"line":11,"column":38}},"8":{"start":{"line":13,"column":21},"end":{"line":17,"column":4}},"9":{"start":{"line":14,"column":16},"end":{"line":14,"column":64}},"10":{"start":{"line":15,"column":20},"end":{"line":15,"column":45}},"11":{"start":{"line":16,"column":3},"end":{"line":16,"column":21}},"12":{"start":{"line":19,"column":18},"end":{"line":19,"column":49}},"13":{"start":{"line":20,"column":18},"end":{"line":20,"column":54}},"14":{"start":{"line":20,"column":40},"end":{"line":20,"column":53}},"15":{"start":{"line":21,"column":2},"end":{"line":21,"column":38}},"16":{"start":{"line":22,"column":2},"end":{"line":22,"column":45}},"17":{"start":{"line":24,"column":2},"end":{"line":24,"column":20}},"18":{"start":{"line":27,"column":2},"end":{"line":27,"column":14}},"19":{"start":{"line":31,"column":0},"end":{"line":58,"column":2}},"20":{"start":{"line":32,"column":1},"end":{"line":57,"column":2}},"21":{"start":{"line":33,"column":19},"end":{"line":36,"column":4}},"22":{"start":{"line":39,"column":2},"end":{"line":39,"column":68}},"23":{"start":{"line":40,"column":2},"end":{"line":40,"column":38}},"24":{"start":{"line":42,"column":21},"end":{"line":46,"column":4}},"25":{"start":{"line":43,"column":16},"end":{"line":43,"column":64}},"26":{"start":{"line":44,"column":20},"end":{"line":44,"column":45}},"27":{"start":{"line":45,"column":3},"end":{"line":45,"column":21}},"28":{"start":{"line":48,"column":18},"end":{"line":48,"column":49}},"29":{"start":{"line":49,"column":18},"end":{"line":49,"column":54}},"30":{"start":{"line":49,"column":40},"end":{"line":49,"column":53}},"31":{"start":{"line":50,"column":2},"end":{"line":50,"column":38}},"32":{"start":{"line":51,"column":2},"end":{"line":51,"column":45}},"33":{"start":{"line":53,"column":2},"end":{"line":53,"column":20}},"34":{"start":{"line":56,"column":2},"end":{"line":56,"column":14}},"35":{"start":{"line":60,"column":0},"end":{"line":83,"column":2}},"36":{"start":{"line":61,"column":1},"end":{"line":82,"column":2}},"37":{"start":{"line":62,"column":15},"end":{"line":62,"column":73}},"38":{"start":{"line":63,"column":13},"end":{"line":63,"column":77}},"39":{"start":{"line":64,"column":20},"end":{"line":64,"column":89}},"40":{"start":{"line":65,"column":8},"end":{"line":65,"column":35}},"41":{"start":{"line":66,"column":13},"end":{"line":66,"column":15}},"42":{"start":{"line":67,"column":2},"end":{"line":76,"column":5}},"43":{"start":{"line":68,"column":3},"end":{"line":75,"column":4}},"44":{"start":{"line":69,"column":4},"end":{"line":69,"column":27}},"45":{"start":{"line":70,"column":10},"end":{"line":75,"column":4}},"46":{"start":{"line":71,"column":4},"end":{"line":71,"column":26}},"47":{"start":{"line":72,"column":4},"end":{"line":72,"column":25}},"48":{"start":{"line":73,"column":16},"end":{"line":73,"column":40}},"49":{"start":{"line":74,"column":16},"end":{"line":74,"column":42}},"50":{"start":{"line":77,"column":19},"end":{"line":77,"column":56}},"51":{"start":{"line":78,"column":2},"end":{"line":78,"column":20}},"52":{"start":{"line":81,"column":2},"end":{"line":81,"column":14}},"53":{"start":{"line":85,"column":0},"end":{"line":113,"column":2}},"54":{"start":{"line":86,"column":1},"end":{"line":112,"column":2}},"55":{"start":{"line":87,"column":14},"end":{"line":87,"column":88}},"56":{"start":{"line":88,"column":20},"end":{"line":88,"column":53}},"57":{"start":{"line":89,"column":16},"end":{"line":103,"column":3}},"58":{"start":{"line":105,"column":21},"end":{"line":105,"column":48}},"59":{"start":{"line":106,"column":2},"end":{"line":108,"column":22}},"60":{"start":{"line":107,"column":3},"end":{"line":107,"column":26}},"61":{"start":{"line":108,"column":9},"end":{"line":108,"column":22}},"62":{"start":{"line":111,"column":2},"end":{"line":111,"column":14}}},"fnMap":{"0":{"name":"(anonymous_0)","decl":{"start":{"line":5,"column":24},"end":{"line":5,"column":25}},"loc":{"start":{"line":5,"column":39},"end":{"line":29,"column":1}},"line":5},"1":{"name":"(anonymous_1)","decl":{"start":{"line":13,"column":54},"end":{"line":13,"column":55}},"loc":{"start":{"line":13,"column":68},"end":{"line":17,"column":3}},"line":13},"2":{"name":"(anonymous_2)","decl":{"start":{"line":20,"column":32},"end":{"line":20,"column":33}},"loc":{"start":{"line":20,"column":40},"end":{"line":20,"column":53}},"line":20},"3":{"name":"(anonymous_3)","decl":{"start":{"line":31,"column":24},"end":{"line":31,"column":25}},"loc":{"start":{"line":31,"column":56},"end":{"line":58,"column":1}},"line":31},"4":{"name":"(anonymous_4)","decl":{"start":{"line":42,"column":54},"end":{"line":42,"column":55}},"loc":{"start":{"line":42,"column":68},"end":{"line":46,"column":3}},"line":42},"5":{"name":"(anonymous_5)","decl":{"start":{"line":49,"column":32},"end":{"line":49,"column":33}},"loc":{"start":{"line":49,"column":40},"end":{"line":49,"column":53}},"line":49},"6":{"name":"(anonymous_6)","decl":{"start":{"line":60,"column":26},"end":{"line":60,"column":27}},"loc":{"start":{"line":60,"column":40},"end":{"line":83,"column":1}},"line":60},"7":{"name":"(anonymous_7)","decl":{"start":{"line":67,"column":15},"end":{"line":67,"column":16}},"loc":{"start":{"line":67,"column":23},"end":{"line":76,"column":3}},"line":67},"8":{"name":"(anonymous_8)","decl":{"start":{"line":85,"column":34},"end":{"line":85,"column":35}},"loc":{"start":{"line":85,"column":50},"end":{"line":113,"column":1}},"line":85}},"branchMap":{"0":{"loc":{"start":{"line":31,"column":31},"end":{"line":31,"column":39}},"type":"default-arg","locations":[{"start":{"line":31,"column":38},"end":{"line":31,"column":39}}],"line":31},"1":{"loc":{"start":{"line":31,"column":41},"end":{"line":31,"column":51}},"type":"default-arg","locations":[{"start":{"line":31,"column":49},"end":{"line":31,"column":51}}],"line":31},"2":{"loc":{"start":{"line":68,"column":3},"end":{"line":75,"column":4}},"type":"if","locations":[{"start":{"line":68,"column":3},"end":{"line":75,"column":4}},{"start":{"line":68,"column":3},"end":{"line":75,"column":4}}],"line":68},"3":{"loc":{"start":{"line":70,"column":10},"end":{"line":75,"column":4}},"type":"if","locations":[{"start":{"line":70,"column":10},"end":{"line":75,"column":4}},{"start":{"line":70,"column":10},"end":{"line":75,"column":4}}],"line":70},"4":{"loc":{"start":{"line":106,"column":2},"end":{"line":108,"column":22}},"type":"if","locations":[{"start":{"line":106,"column":2},"end":{"line":108,"column":22}},{"start":{"line":106,"column":2},"end":{"line":108,"column":22}}],"line":106}},"s":{"0":4,"1":4,"2":4,"3":4,"4":1,"5":1,"6":1,"7":1,"8":1,"9":10,"10":10,"11":10,"12":1,"13":1,"14":10,"15":1,"16":1,"17":1,"18":0,"19":4,"20":1,"21":1,"22":1,"23":1,"24":1,"25":10,"26":10,"27":10,"28":1,"29":1,"30":10,"31":1,"32":1,"33":1,"34":0,"35":4,"36":2,"37":2,"38":1,"39":1,"40":1,"41":1,"42":1,"43":8,"44":1,"45":7,"46":1,"47":1,"48":1,"49":1,"50":1,"51":1,"52":1,"53":4,"54":0,"55":0,"56":0,"57":0,"58":0,"59":0,"60":0,"61":0,"62":0},"f":{"0":1,"1":10,"2":10,"3":1,"4":10,"5":10,"6":2,"7":8,"8":0},"b":{"0":[1],"1":[1],"2":[1,7],"3":[1,6],"4":[0,0]},"_coverageSchema":"1a1c01bbd47fc00a2c39e90264f33305004495a9","hash":"479d200af82115c0938948695d7902b8e47bb412"}
,"/home/azh/code/benchmarking-amrilazhar/helpers/unsplashAPI.js": {"path":"/home/azh/code/benchmarking-amrilazhar/helpers/unsplashAPI.js","statementMap":{"0":{"start":{"line":2,"column":14},"end":{"line":2,"column":35}},"1":{"start":{"line":3,"column":22},"end":{"line":3,"column":44}},"2":{"start":{"line":4,"column":18},"end":{"line":4,"column":38}},"3":{"start":{"line":7,"column":17},"end":{"line":11,"column":2}},"4":{"start":{"line":13,"column":0},"end":{"line":21,"column":2}},"5":{"start":{"line":14,"column":4},"end":{"line":19,"column":5}},"6":{"start":{"line":15,"column":8},"end":{"line":15,"column":56}},"7":{"start":{"line":18,"column":8},"end":{"line":18,"column":20}},"8":{"start":{"line":23,"column":0},"end":{"line":31,"column":2}},"9":{"start":{"line":24,"column":4},"end":{"line":29,"column":5}},"10":{"start":{"line":25,"column":8},"end":{"line":25,"column":74}},"11":{"start":{"line":28,"column":8},"end":{"line":28,"column":20}},"12":{"start":{"line":33,"column":0},"end":{"line":41,"column":2}},"13":{"start":{"line":34,"column":4},"end":{"line":39,"column":5}},"14":{"start":{"line":35,"column":8},"end":{"line":35,"column":58}},"15":{"start":{"line":38,"column":8},"end":{"line":38,"column":20}},"16":{"start":{"line":43,"column":0},"end":{"line":72,"column":2}},"17":{"start":{"line":44,"column":4},"end":{"line":70,"column":5}},"18":{"start":{"line":45,"column":22},"end":{"line":59,"column":9}},"19":{"start":{"line":63,"column":27},"end":{"line":63,"column":54}},"20":{"start":{"line":64,"column":8},"end":{"line":66,"column":28}},"21":{"start":{"line":65,"column":12},"end":{"line":65,"column":35}},"22":{"start":{"line":66,"column":15},"end":{"line":66,"column":28}},"23":{"start":{"line":69,"column":8},"end":{"line":69,"column":20}}},"fnMap":{"0":{"name":"(anonymous_0)","decl":{"start":{"line":13,"column":24},"end":{"line":13,"column":25}},"loc":{"start":{"line":13,"column":43},"end":{"line":21,"column":1}},"line":13},"1":{"name":"(anonymous_1)","decl":{"start":{"line":23,"column":24},"end":{"line":23,"column":25}},"loc":{"start":{"line":23,"column":56},"end":{"line":31,"column":1}},"line":23},"2":{"name":"(anonymous_2)","decl":{"start":{"line":33,"column":26},"end":{"line":33,"column":27}},"loc":{"start":{"line":33,"column":40},"end":{"line":41,"column":1}},"line":33},"3":{"name":"(anonymous_3)","decl":{"start":{"line":43,"column":34},"end":{"line":43,"column":35}},"loc":{"start":{"line":43,"column":50},"end":{"line":72,"column":1}},"line":43}},"branchMap":{"0":{"loc":{"start":{"line":23,"column":31},"end":{"line":23,"column":39}},"type":"default-arg","locations":[{"start":{"line":23,"column":38},"end":{"line":23,"column":39}}],"line":23},"1":{"loc":{"start":{"line":23,"column":41},"end":{"line":23,"column":51}},"type":"default-arg","locations":[{"start":{"line":23,"column":49},"end":{"line":23,"column":51}}],"line":23},"2":{"loc":{"start":{"line":64,"column":8},"end":{"line":66,"column":28}},"type":"if","locations":[{"start":{"line":64,"column":8},"end":{"line":66,"column":28}},{"start":{"line":64,"column":8},"end":{"line":66,"column":28}}],"line":64}},"s":{"0":4,"1":4,"2":4,"3":4,"4":4,"5":1,"6":1,"7":0,"8":4,"9":1,"10":1,"11":0,"12":4,"13":2,"14":2,"15":0,"16":4,"17":0,"18":0,"19":0,"20":0,"21":0,"22":0,"23":0},"f":{"0":1,"1":1,"2":2,"3":0},"b":{"0":[0],"1":[0],"2":[0,0]},"_coverageSchema":"1a1c01bbd47fc00a2c39e90264f33305004495a9","hash":"0cf6fffa53e1351c267dff2083cbfb4346939acf"}
,"/home/azh/code/benchmarking-amrilazhar/middlewares/auth/index.js": {"path":"/home/azh/code/benchmarking-amrilazhar/middlewares/auth/index.js","statementMap":{"0":{"start":{"line":1,"column":17},"end":{"line":1,"column":36}},"1":{"start":{"line":2,"column":22},"end":{"line":2,"column":56}},"2":{"start":{"line":3,"column":17},"end":{"line":3,"column":40}},"3":{"start":{"line":5,"column":15},"end":{"line":5,"column":32}},"4":{"start":{"line":6,"column":20},"end":{"line":6,"column":52}},"5":{"start":{"line":7,"column":19},"end":{"line":7,"column":53}},"6":{"start":{"line":9,"column":0},"end":{"line":41,"column":2}},"7":{"start":{"line":18,"column":6},"end":{"line":38,"column":7}},"8":{"start":{"line":20,"column":8},"end":{"line":20,"column":31}},"9":{"start":{"line":21,"column":25},"end":{"line":21,"column":52}},"10":{"start":{"line":23,"column":8},"end":{"line":25,"column":11}},"11":{"start":{"line":27,"column":8},"end":{"line":27,"column":23}},"12":{"start":{"line":29,"column":8},"end":{"line":37,"column":9}},"13":{"start":{"line":30,"column":10},"end":{"line":32,"column":13}},"14":{"start":{"line":34,"column":10},"end":{"line":36,"column":13}},"15":{"start":{"line":43,"column":0},"end":{"line":82,"column":2}},"16":{"start":{"line":52,"column":6},"end":{"line":79,"column":7}},"17":{"start":{"line":53,"column":27},"end":{"line":55,"column":10}},"18":{"start":{"line":57,"column":8},"end":{"line":61,"column":9}},"19":{"start":{"line":58,"column":10},"end":{"line":60,"column":13}},"20":{"start":{"line":63,"column":25},"end":{"line":63,"column":76}},"21":{"start":{"line":65,"column":8},"end":{"line":69,"column":9}},"22":{"start":{"line":66,"column":10},"end":{"line":68,"column":13}},"23":{"start":{"line":70,"column":8},"end":{"line":72,"column":11}},"24":{"start":{"line":74,"column":8},"end":{"line":74,"column":23}},"25":{"start":{"line":76,"column":8},"end":{"line":78,"column":11}},"26":{"start":{"line":84,"column":0},"end":{"line":112,"column":2}},"27":{"start":{"line":92,"column":6},"end":{"line":108,"column":7}},"28":{"start":{"line":93,"column":27},"end":{"line":95,"column":10}},"29":{"start":{"line":97,"column":8},"end":{"line":99,"column":9}},"30":{"start":{"line":98,"column":10},"end":{"line":98,"column":74}},"31":{"start":{"line":101,"column":8},"end":{"line":103,"column":9}},"32":{"start":{"line":102,"column":10},"end":{"line":102,"column":40}},"33":{"start":{"line":105,"column":8},"end":{"line":105,"column":72}},"34":{"start":{"line":107,"column":8},"end":{"line":107,"column":23}},"35":{"start":{"line":114,"column":13},"end":{"line":144,"column":1}},"36":{"start":{"line":115,"column":2},"end":{"line":143,"column":3}},"37":{"start":{"line":117,"column":14},"end":{"line":117,"column":41}},"38":{"start":{"line":118,"column":4},"end":{"line":136,"column":23}},"39":{"start":{"line":119,"column":6},"end":{"line":125,"column":7}},"40":{"start":{"line":120,"column":8},"end":{"line":120,"column":25}},"41":{"start":{"line":121,"column":8},"end":{"line":124,"column":11}},"42":{"start":{"line":128,"column":6},"end":{"line":133,"column":7}},"43":{"start":{"line":129,"column":8},"end":{"line":132,"column":11}},"44":{"start":{"line":134,"column":6},"end":{"line":134,"column":22}},"45":{"start":{"line":135,"column":6},"end":{"line":135,"column":13}},"46":{"start":{"line":138,"column":4},"end":{"line":138,"column":19}},"47":{"start":{"line":139,"column":4},"end":{"line":142,"column":7}},"48":{"start":{"line":146,"column":13},"end":{"line":175,"column":1}},"49":{"start":{"line":147,"column":2},"end":{"line":174,"column":3}},"50":{"start":{"line":148,"column":4},"end":{"line":167,"column":23}},"51":{"start":{"line":149,"column":6},"end":{"line":155,"column":7}},"52":{"start":{"line":150,"column":8},"end":{"line":150,"column":25}},"53":{"start":{"line":151,"column":8},"end":{"line":154,"column":11}},"54":{"start":{"line":158,"column":6},"end":{"line":163,"column":7}},"55":{"start":{"line":159,"column":8},"end":{"line":162,"column":11}},"56":{"start":{"line":164,"column":6},"end":{"line":164,"column":22}},"57":{"start":{"line":165,"column":6},"end":{"line":165,"column":13}},"58":{"start":{"line":169,"column":4},"end":{"line":169,"column":19}},"59":{"start":{"line":170,"column":4},"end":{"line":173,"column":7}},"60":{"start":{"line":177,"column":21},"end":{"line":202,"column":1}},"61":{"start":{"line":178,"column":2},"end":{"line":201,"column":3}},"62":{"start":{"line":179,"column":4},"end":{"line":194,"column":23}},"63":{"start":{"line":180,"column":6},"end":{"line":186,"column":7}},"64":{"start":{"line":181,"column":8},"end":{"line":181,"column":25}},"65":{"start":{"line":182,"column":8},"end":{"line":185,"column":11}},"66":{"start":{"line":189,"column":6},"end":{"line":191,"column":7}},"67":{"start":{"line":190,"column":8},"end":{"line":190,"column":24}},"68":{"start":{"line":192,"column":6},"end":{"line":192,"column":13}},"69":{"start":{"line":196,"column":4},"end":{"line":196,"column":19}},"70":{"start":{"line":197,"column":4},"end":{"line":200,"column":7}},"71":{"start":{"line":204,"column":0},"end":{"line":204,"column":52}}},"fnMap":{"0":{"name":"(anonymous_0)","decl":{"start":{"line":17,"column":4},"end":{"line":17,"column":5}},"loc":{"start":{"line":17,"column":42},"end":{"line":39,"column":5}},"line":17},"1":{"name":"(anonymous_1)","decl":{"start":{"line":51,"column":4},"end":{"line":51,"column":5}},"loc":{"start":{"line":51,"column":42},"end":{"line":80,"column":5}},"line":51},"2":{"name":"(anonymous_2)","decl":{"start":{"line":91,"column":4},"end":{"line":91,"column":5}},"loc":{"start":{"line":91,"column":27},"end":{"line":110,"column":5}},"line":91},"3":{"name":"(anonymous_3)","decl":{"start":{"line":114,"column":13},"end":{"line":114,"column":14}},"loc":{"start":{"line":114,"column":39},"end":{"line":144,"column":1}},"line":114},"4":{"name":"(anonymous_4)","decl":{"start":{"line":118,"column":31},"end":{"line":118,"column":32}},"loc":{"start":{"line":118,"column":52},"end":{"line":136,"column":5}},"line":118},"5":{"name":"(anonymous_5)","decl":{"start":{"line":146,"column":13},"end":{"line":146,"column":14}},"loc":{"start":{"line":146,"column":39},"end":{"line":175,"column":1}},"line":146},"6":{"name":"(anonymous_6)","decl":{"start":{"line":148,"column":51},"end":{"line":148,"column":52}},"loc":{"start":{"line":148,"column":72},"end":{"line":167,"column":5}},"line":148},"7":{"name":"(anonymous_7)","decl":{"start":{"line":177,"column":21},"end":{"line":177,"column":22}},"loc":{"start":{"line":177,"column":47},"end":{"line":202,"column":1}},"line":177},"8":{"name":"(anonymous_8)","decl":{"start":{"line":179,"column":51},"end":{"line":179,"column":52}},"loc":{"start":{"line":179,"column":72},"end":{"line":194,"column":5}},"line":179}},"branchMap":{"0":{"loc":{"start":{"line":29,"column":8},"end":{"line":37,"column":9}},"type":"if","locations":[{"start":{"line":29,"column":8},"end":{"line":37,"column":9}},{"start":{"line":29,"column":8},"end":{"line":37,"column":9}}],"line":29},"1":{"loc":{"start":{"line":29,"column":12},"end":{"line":29,"column":54}},"type":"binary-expr","locations":[{"start":{"line":29,"column":12},"end":{"line":29,"column":27}},{"start":{"line":29,"column":31},"end":{"line":29,"column":54}}],"line":29},"2":{"loc":{"start":{"line":57,"column":8},"end":{"line":61,"column":9}},"type":"if","locations":[{"start":{"line":57,"column":8},"end":{"line":61,"column":9}},{"start":{"line":57,"column":8},"end":{"line":61,"column":9}}],"line":57},"3":{"loc":{"start":{"line":65,"column":8},"end":{"line":69,"column":9}},"type":"if","locations":[{"start":{"line":65,"column":8},"end":{"line":69,"column":9}},{"start":{"line":65,"column":8},"end":{"line":69,"column":9}}],"line":65},"4":{"loc":{"start":{"line":97,"column":8},"end":{"line":99,"column":9}},"type":"if","locations":[{"start":{"line":97,"column":8},"end":{"line":99,"column":9}},{"start":{"line":97,"column":8},"end":{"line":99,"column":9}}],"line":97},"5":{"loc":{"start":{"line":101,"column":8},"end":{"line":103,"column":9}},"type":"if","locations":[{"start":{"line":101,"column":8},"end":{"line":103,"column":9}},{"start":{"line":101,"column":8},"end":{"line":103,"column":9}}],"line":101},"6":{"loc":{"start":{"line":101,"column":12},"end":{"line":101,"column":81}},"type":"binary-expr","locations":[{"start":{"line":101,"column":12},"end":{"line":101,"column":44}},{"start":{"line":101,"column":48},"end":{"line":101,"column":81}}],"line":101},"7":{"loc":{"start":{"line":119,"column":6},"end":{"line":125,"column":7}},"type":"if","locations":[{"start":{"line":119,"column":6},"end":{"line":125,"column":7}},{"start":{"line":119,"column":6},"end":{"line":125,"column":7}}],"line":119},"8":{"loc":{"start":{"line":128,"column":6},"end":{"line":133,"column":7}},"type":"if","locations":[{"start":{"line":128,"column":6},"end":{"line":133,"column":7}},{"start":{"line":128,"column":6},"end":{"line":133,"column":7}}],"line":128},"9":{"loc":{"start":{"line":149,"column":6},"end":{"line":155,"column":7}},"type":"if","locations":[{"start":{"line":149,"column":6},"end":{"line":155,"column":7}},{"start":{"line":149,"column":6},"end":{"line":155,"column":7}}],"line":149},"10":{"loc":{"start":{"line":158,"column":6},"end":{"line":163,"column":7}},"type":"if","locations":[{"start":{"line":158,"column":6},"end":{"line":163,"column":7}},{"start":{"line":158,"column":6},"end":{"line":163,"column":7}}],"line":158},"11":{"loc":{"start":{"line":180,"column":6},"end":{"line":186,"column":7}},"type":"if","locations":[{"start":{"line":180,"column":6},"end":{"line":186,"column":7}},{"start":{"line":180,"column":6},"end":{"line":186,"column":7}}],"line":180},"12":{"loc":{"start":{"line":189,"column":6},"end":{"line":191,"column":7}},"type":"if","locations":[{"start":{"line":189,"column":6},"end":{"line":191,"column":7}},{"start":{"line":189,"column":6},"end":{"line":191,"column":7}}],"line":189}},"s":{"0":4,"1":4,"2":4,"3":4,"4":4,"5":4,"6":4,"7":2,"8":2,"9":2,"10":1,"11":1,"12":1,"13":1,"14":0,"15":4,"16":3,"17":3,"18":3,"19":1,"20":2,"21":2,"22":1,"23":1,"24":0,"25":0,"26":4,"27":34,"28":34,"29":34,"30":0,"31":34,"32":34,"33":0,"34":0,"35":4,"36":5,"37":5,"38":5,"39":5,"40":0,"41":0,"42":5,"43":3,"44":2,"45":2,"46":0,"47":0,"48":4,"49":34,"50":34,"51":34,"52":0,"53":0,"54":34,"55":0,"56":34,"57":34,"58":0,"59":0,"60":4,"61":12,"62":12,"63":12,"64":0,"65":0,"66":12,"67":0,"68":12,"69":0,"70":0,"71":4},"f":{"0":2,"1":3,"2":34,"3":5,"4":5,"5":34,"6":34,"7":12,"8":12},"b":{"0":[1,0],"1":[1,1],"2":[1,2],"3":[1,1],"4":[0,34],"5":[34,0],"6":[34,0],"7":[0,5],"8":[3,2],"9":[0,34],"10":[0,34],"11":[0,12],"12":[0,12]},"_coverageSchema":"1a1c01bbd47fc00a2c39e90264f33305004495a9","hash":"38af6bc3ddffd33c5aa0af769daaaa9174064040"}
,"/home/azh/code/benchmarking-amrilazhar/middlewares/uploads/userUpload.js": {"path":"/home/azh/code/benchmarking-amrilazhar/middlewares/uploads/userUpload.js","statementMap":{"0":{"start":{"line":1,"column":15},"end":{"line":1,"column":32}},"1":{"start":{"line":6,"column":17},"end":{"line":6,"column":55}},"2":{"start":{"line":8,"column":2},"end":{"line":41,"column":3}},"3":{"start":{"line":9,"column":4},"end":{"line":9,"column":52}},"4":{"start":{"line":10,"column":4},"end":{"line":10,"column":11}},"5":{"start":{"line":14,"column":4},"end":{"line":14,"column":43}},"6":{"start":{"line":17,"column":4},"end":{"line":21,"column":5}},"7":{"start":{"line":18,"column":6},"end":{"line":20,"column":58}},"8":{"start":{"line":23,"column":4},"end":{"line":40,"column":5}},"9":{"start":{"line":29,"column":6},"end":{"line":29,"column":56}},"10":{"start":{"line":30,"column":6},"end":{"line":30,"column":58}},"11":{"start":{"line":32,"column":6},"end":{"line":34,"column":9}},"12":{"start":{"line":33,"column":8},"end":{"line":33,"column":50}},"13":{"start":{"line":33,"column":17},"end":{"line":33,"column":50}},"14":{"start":{"line":36,"column":6},"end":{"line":36,"column":42}},"15":{"start":{"line":37,"column":6},"end":{"line":37,"column":13}},"16":{"start":{"line":39,"column":6},"end":{"line":39,"column":71}},"17":{"start":{"line":44,"column":0},"end":{"line":44,"column":24}}},"fnMap":{"0":{"name":"upload","decl":{"start":{"line":3,"column":9},"end":{"line":3,"column":15}},"loc":{"start":{"line":3,"column":32},"end":{"line":42,"column":1}},"line":3},"1":{"name":"(anonymous_1)","decl":{"start":{"line":32,"column":32},"end":{"line":32,"column":33}},"loc":{"start":{"line":32,"column":47},"end":{"line":34,"column":7}},"line":32}},"branchMap":{"0":{"loc":{"start":{"line":8,"column":2},"end":{"line":41,"column":3}},"type":"if","locations":[{"start":{"line":8,"column":2},"end":{"line":41,"column":3}},{"start":{"line":8,"column":2},"end":{"line":41,"column":3}}],"line":8},"1":{"loc":{"start":{"line":8,"column":6},"end":{"line":8,"column":55}},"type":"binary-expr","locations":[{"start":{"line":8,"column":6},"end":{"line":8,"column":16}},{"start":{"line":8,"column":20},"end":{"line":8,"column":55}}],"line":8},"2":{"loc":{"start":{"line":17,"column":4},"end":{"line":21,"column":5}},"type":"if","locations":[{"start":{"line":17,"column":4},"end":{"line":21,"column":5}},{"start":{"line":17,"column":4},"end":{"line":21,"column":5}}],"line":17},"3":{"loc":{"start":{"line":23,"column":4},"end":{"line":40,"column":5}},"type":"if","locations":[{"start":{"line":23,"column":4},"end":{"line":40,"column":5}},{"start":{"line":23,"column":4},"end":{"line":40,"column":5}}],"line":23},"4":{"loc":{"start":{"line":24,"column":6},"end":{"line":27,"column":40}},"type":"binary-expr","locations":[{"start":{"line":24,"column":6},"end":{"line":24,"column":41}},{"start":{"line":25,"column":6},"end":{"line":25,"column":40}},{"start":{"line":26,"column":6},"end":{"line":26,"column":40}},{"start":{"line":27,"column":6},"end":{"line":27,"column":40}}],"line":24},"5":{"loc":{"start":{"line":33,"column":8},"end":{"line":33,"column":50}},"type":"if","locations":[{"start":{"line":33,"column":8},"end":{"line":33,"column":50}},{"start":{"line":33,"column":8},"end":{"line":33,"column":50}}],"line":33}},"s":{"0":4,"1":5,"2":5,"3":4,"4":4,"5":1,"6":1,"7":0,"8":1,"9":1,"10":1,"11":1,"12":1,"13":0,"14":1,"15":1,"16":0,"17":4},"f":{"0":5,"1":1},"b":{"0":[4,1],"1":[5,1],"2":[0,1],"3":[1,0],"4":[1,1,0,0],"5":[0,1]},"_coverageSchema":"1a1c01bbd47fc00a2c39e90264f33305004495a9","hash":"3d29692fdf6052345f83e0451a0591aac537bd91"}
[...]
10":{"loc":{"start":{"line":67,"column":7},"end":{"line":67,"column":49}},"type":"binary-expr","locations":[{"start":{"line":67,"column":7},"end":{"line":67,"column":26}},{"start":{"line":67,"column":30},"end":{"line":67,"column":49}}],"line":67},"11":{"loc":{"start":{"line":72,"column":2},"end":{"line":76,"column":3}},"type":"if","locations":[{"start":{"line":72,"column":2},"end":{"line":76,"column":3}},{"start":{"line":72,"column":2},"end":{"line":76,"column":3}}],"line":72},"12":{"loc":{"start":{"line":82,"column":2},"end":{"line":85,"column":3}},"type":"if","locations":[{"start":{"line":82,"column":2},"end":{"line":85,"column":3}},{"start":{"line":82,"column":2},"end":{"line":85,"column":3}}],"line":82},"13":{"loc":{"start":{"line":95,"column":2},"end":{"line":99,"column":3}},"type":"if","locations":[{"start":{"line":95,"column":2},"end":{"line":99,"column":3}},{"start":{"line":95,"column":2},"end":{"line":99,"column":3}}],"line":95},"14":{"loc":{"start":{"line":102,"column":2},"end":{"line":106,"column":3}},"type":"if","locations":[{"start":{"line":102,"column":2},"end":{"line":106,"column":3}},{"start":{"line":102,"column":2},"end":{"line":106,"column":3}}],"line":102},"15":{"loc":{"start":{"line":112,"column":2},"end":{"line":114,"column":3}},"type":"if","locations":[{"start":{"line":112,"column":2},"end":{"line":114,"column":3}},{"start":{"line":112,"column":2},"end":{"line":114,"column":3}}],"line":112},"16":{"loc":{"start":{"line":117,"column":2},"end":{"line":121,"column":3}},"type":"if","locations":[{"start":{"line":117,"column":2},"end":{"line":121,"column":3}},{"start":{"line":117,"column":2},"end":{"line":121,"column":3}}],"line":117},"17":{"loc":{"start":{"line":127,"column":2},"end":{"line":130,"column":3}},"type":"if","locations":[{"start":{"line":127,"column":2},"end":{"line":130,"column":3}},{"start":{"line":127,"column":2},"end":{"line":130,"column":3}}],"line":127},"18":{"loc":{"start":{"line":140,"column":2},"end":{"line":144,"column":3}},"type":"if","locations":[{"start":{"line":140,"column":2},"end":{"line":144,"column":3}},{"start":{"line":140,"column":2},"end":{"line":144,"column":3}}],"line":140},"19":{"loc":{"start":{"line":147,"column":2},"end":{"line":151,"column":3}},"type":"if","locations":[{"start":{"line":147,"column":2},"end":{"line":151,"column":3}},{"start":{"line":147,"column":2},"end":{"line":151,"column":3}}],"line":147},"20":{"loc":{"start":{"line":157,"column":2},"end":{"line":160,"column":3}},"type":"if","locations":[{"start":{"line":157,"column":2},"end":{"line":160,"column":3}},{"start":{"line":157,"column":2},"end":{"line":160,"column":3}}],"line":157}},"s":{"0":4,"1":4,"2":4,"3":4,"4":6,"5":6,"6":6,"7":1,"8":5,"9":1,"10":6,"11":2,"12":4,"13":0,"14":0,"15":0,"16":0,"17":4,"18":8,"19":8,"20":8,"21":1,"22":8,"23":1,"24":7,"25":7,"26":2,"27":7,"28":1,"29":5,"30":1,"31":6,"32":3,"33":3,"34":1,"35":1,"36":1,"37":1,"38":4,"39":4,"40":4,"41":4,"42":1,"43":4,"44":1,"45":3,"46":3,"47":1,"48":3,"49":1,"50":2,"51":0,"52":0,"53":0,"54":0,"55":4,"56":4,"57":4,"58":4,"59":1,"60":4,"61":1,"62":3,"63":0,"64":0,"65":0,"66":0},"f":{"0":6,"1":8,"2":4,"3":4},"b":{"0":[1,5],"1":[1,4],"2":[5,4],"3":[2,4],"4":[0,0],"5":[1,7],"6":[1,7],"7":[2,5],"8":[1,5],"9":[1,4],"10":[5,4],"11":[3,3],"12":[1,0],"13":[1,3],"14":[1,3],"15":[1,2],"16":[1,2],"17":[0,0],"18":[1,3],"19":[1,3],"20":[0,0]},"_coverageSchema":"1a1c01bbd47fc00a2c39e90264f33305004495a9","hash":"e1ac3b318808a606c91b2db11434afd43349e178"}
,"/home/azh/code/benchmarking-amrilazhar/middlewares/validators/userValidator.js": {"path":"/home/azh/code/benchmarking-amrilazhar/middlewares/validators/userValidator.js","statementMap":{"0":{"start":{"line":1,"column":18},"end":{"line":1,"column":38}},"1":{"start":{"line":2,"column":17},"end":{"line":2,"column":40}},"2":{"start":{"line":3,"column":15},"end":{"line":3,"column":32}},"3":{"start":{"line":7,"column":4},"end":{"line":77,"column":3}},"4":{"start":{"line":8,"column":16},"end":{"line":8,"column":30}},"5":{"start":{"line":9,"column":19},"end":{"line":9,"column":21}},"6":{"start":{"line":10,"column":6},"end":{"line":10,"column":34}},"7":{"start":{"line":12,"column":6},"end":{"line":14,"column":7}},"8":{"start":{"line":13,"column":8},"end":{"line":13,"column":42}},"9":{"start":{"line":17,"column":6},"end":{"line":46,"column":7}},"10":{"start":{"line":18,"column":8},"end":{"line":20,"column":9}},"11":{"start":{"line":19,"column":10},"end":{"line":19,"column":47}},"12":{"start":{"line":22,"column":8},"end":{"line":41,"column":9}},"13":{"start":{"line":38,"column":10},"end":{"line":40,"column":12}},"14":{"start":{"line":43,"column":8},"end":{"line":45,"column":9}},"15":{"start":{"line":44,"column":10},"end":{"line":44,"column":49}},"16":{"start":{"line":49,"column":6},"end":{"line":59,"column":7}},"17":{"start":{"line":50,"column":23},"end":{"line":50,"column":72}},"18":{"start":{"line":51,"column":8},"end":{"line":58,"column":9}},"19":{"start":{"line":52,"column":10},"end":{"line":52,"column":43}},"20":{"start":{"line":54,"column":27},"end":{"line":54,"column":88}},"21":{"start":{"line":55,"column":10},"end":{"line":57,"column":11}},"22":{"start":{"line":56,"column":12},"end":{"line":56,"column":55}},"23":{"start":{"line":61,"column":6},"end":{"line":69,"column":7}},"24":{"start":{"line":62,"column":22},"end":{"line":64,"column":5}},"25":{"start":{"line":65,"column":4},"end":{"line":65,"column":27}},"26":{"start":{"line":66,"column":4},"end":{"line":66,"column":16}},"27":{"start":{"line":68,"column":8},"end":{"line":68,"column":15}},"28":{"start":{"line":72,"column":3},"end":{"line":75,"column":4}},"29":{"start":{"line":73,"column":4},"end":{"line":73,"column":27}},"30":{"start":{"line":74,"column":8},"end":{"line":74,"column":48}},"31":{"start":{"line":76,"column":3},"end":{"line":76,"column":15}},"32":{"start":{"line":80,"column":0},"end":{"line":80,"column":37}}},"fnMap":{"0":{"name":"(anonymous_0)","decl":{"start":{"line":6,"column":2},"end":{"line":6,"column":3}},"loc":{"start":{"line":6,"column":33},"end":{"line":78,"column":3}},"line":6}},"branchMap":{"0":{"loc":{"start":{"line":12,"column":6},"end":{"line":14,"column":7}},"type":"if","locations":[{"start":{"line":12,"column":6},"end":{"line":14,"column":7}},{"start":{"line":12,"column":6},"end":{"line":14,"column":7}}],"line":12},"1":{"loc":{"start":{"line":17,"column":6},"end":{"line":46,"column":7}},"type":"if","locations":[{"start":{"line":17,"column":6},"end":{"line":46,"column":7}},{"start":{"line":17,"column":6},"end":{"line":46,"column":7}}],"line":17},"2":{"loc":{"start":{"line":17,"column":10},"end":{"line":17,"column":45}},"type":"binary-expr","locations":[{"start":{"line":17,"column":10},"end":{"line":17,"column":27}},{"start":{"line":17,"column":31},"end":{"line":17,"column":45}}],"line":17},"3":{"loc":{"start":{"line":18,"column":8},"end":{"line":20,"column":9}},"type":"if","locations":[{"start":{"line":18,"column":8},"end":{"line":20,"column":9}},{"start":{"line":18,"column":8},"end":{"line":20,"column":9}}],"line":18},"4":{"loc":{"start":{"line":22,"column":8},"end":{"line":41,"column":9}},"type":"if","locations":[{"start":{"line":22,"column":8},"end":{"line":41,"column":9}},{"start":{"line":22,"column":8},"end":{"line":41,"column":9}}],"line":22},"5":{"loc":{"start":{"line":43,"column":8},"end":{"line":45,"column":9}},"type":"if","locations":[{"start":{"line":43,"column":8},"end":{"line":45,"column":9}},{"start":{"line":43,"column":8},"end":{"line":45,"column":9}}],"line":43},"6":{"loc":{"start":{"line":49,"column":6},"end":{"line":59,"column":7}},"type":"if","locations":[{"start":{"line":49,"column":6},"end":{"line":59,"column":7}},{"start":{"line":49,"column":6},"end":{"line":59,"column":7}}],"line":49},"7":{"loc":{"start":{"line":51,"column":8},"end":{"line":58,"column":9}},"type":"if","locations":[{"start":{"line":51,"column":8},"end":{"line":58,"column":9}},{"start":{"line":51,"column":8},"end":{"line":58,"column":9}}],"line":51},"8":{"loc":{"start":{"line":55,"column":10},"end":{"line":57,"column":11}},"type":"if","locations":[{"start":{"line":55,"column":10},"end":{"line":57,"column":11}},{"start":{"line":55,"column":10},"end":{"line":57,"column":11}}],"line":55},"9":{"loc":{"start":{"line":61,"column":6},"end":{"line":69,"column":7}},"type":"if","locations":[{"start":{"line":61,"column":6},"end":{"line":69,"column":7}},{"start":{"line":61,"column":6},"end":{"line":69,"column":7}}],"line":61},"10":{"loc":{"start":{"line":72,"column":3},"end":{"line":75,"column":4}},"type":"if","locations":[{"start":{"line":72,"column":3},"end":{"line":75,"column":4}},{"start":{"line":72,"column":3},"end":{"line":75,"column":4}}],"line":72}},"s":{"0":4,"1":4,"2":4,"3":19,"4":19,"5":19,"6":19,"7":19,"8":2,"9":16,"10":13,"11":2,"12":13,"13":2,"14":13,"15":2,"16":16,"17":0,"18":0,"19":0,"20":0,"21":0,"22":0,"23":16,"24":8,"25":8,"26":8,"27":8,"28":11,"29":3,"30":3,"31":11,"32":4},"f":{"0":19},"b":{"0":[2,14],"1":[13,3],"2":[16,10],"3":[2,11],"4":[2,11],"5":[2,11],"6":[0,16],"7":[0,0],"8":[0,0],"9":[8,8],"10":[3,8]},"_coverageSchema":"1a1c01bbd47fc00a2c39e90264f33305004495a9","hash":"5911cd1f7d673365f26622636dd55646d7110c48"}
,"/home/azh/code/benchmarking-amrilazhar/models/index.js": {"path":"/home/azh/code/benchmarking-amrilazhar/models/index.js","statementMap":{"0":{"start":{"line":1,"column":17},"end":{"line":1,"column":36}},"1":{"start":{"line":3,"column":12},"end":{"line":3,"column":33}},"2":{"start":{"line":5,"column":0},"end":{"line":13,"column":32}},"3":{"start":{"line":12,"column":14},"end":{"line":12,"column":47}},"4":{"start":{"line":13,"column":16},"end":{"line":13,"column":30}},"5":{"start":{"line":15,"column":13},"end":{"line":15,"column":34}},"6":{"start":{"line":16,"column":14},"end":{"line":16,"column":35}},"7":{"start":{"line":17,"column":15},"end":{"line":17,"column":38}},"8":{"start":{"line":19,"column":0},"end":{"line":19,"column":41}}},"fnMap":{"0":{"name":"(anonymous_0)","decl":{"start":{"line":12,"column":8},"end":{"line":12,"column":9}},"loc":{"start":{"line":12,"column":14},"end":{"line":12,"column":47}},"line":12},"1":{"name":"(anonymous_1)","decl":{"start":{"line":13,"column":9},"end":{"line":13,"column":10}},"loc":{"start":{"line":13,"column":16},"end":{"line":13,"column":30}},"line":13}},"branchMap":{},"s":{"0":4,"1":4,"2":4,"3":4,"4":0,"5":4,"6":4,"7":4,"8":4},"f":{"0":4,"1":0},"b":{},"_coverageSchema":"1a1c01bbd47fc00a2c39e90264f33305004495a9","hash":"12f2da8d76c46a584cab22c3539a703c135fb797"}
,"/home/azh/code/benchmarking-amrilazhar/models/photo.js": {"path":"/home/azh/code/benchmarking-amrilazhar/models/photo.js","statementMap":{"0":{"start":{"line":1,"column":17},"end":{"line":1,"column":36}},"1":{"start":{"line":2,"column":24},"end":{"line":2,"column":50}},"2":{"start":{"line":3,"column":25},"end":{"line":3,"column":56}},"3":{"start":{"line":5,"column":21},"end":{"line":67,"column":1}},"4":{"start":{"line":69,"column":0},"end":{"line":69,"column":38}},"5":{"start":{"line":70,"column":0},"end":{"line":70,"column":65}},"6":{"start":{"line":72,"column":0},"end":{"line":72,"column":66}}},"fnMap":{},"branchMap":{},"s":{"0":4,"1":4,"2":4,"3":4,"4":4,"5":4,"6":4},"f":{},"b":{},"_coverageSchema":"1a1c01bbd47fc00a2c39e90264f33305004495a9","hash":"afafaf3ccb7f7128bda42d4668c2919503662a0a"}
,"/home/azh/code/benchmarking-amrilazhar/models/reviews.js": {"path":"/home/azh/code/benchmarking-amrilazhar/models/reviews.js","statementMap":{"0":{"start":{"line":1,"column":17},"end":{"line":1,"column":36}},"1":{"start":{"line":2,"column":25},"end":{"line":2,"column":56}},"2":{"start":{"line":4,"column":21},"end":{"line":35,"column":1}},"3":{"start":{"line":38,"column":0},"end":{"line":38,"column":66}},"4":{"start":{"line":41,"column":0},"end":{"line":63,"column":2}},"5":{"start":{"line":42,"column":2},"end":{"line":62,"column":3}},"6":{"start":{"line":43,"column":14},"end":{"line":53,"column":6}},"7":{"start":{"line":54,"column":23},"end":{"line":54,"column":68}},"8":{"start":{"line":56,"column":4},"end":{"line":59,"column":7}},"9":{"start":{"line":61,"column":4},"end":{"line":61,"column":19}},"10":{"start":{"line":66,"column":0},"end":{"line":69,"column":3}},"11":{"start":{"line":68,"column":2},"end":{"line":68,"column":51}},"12":{"start":{"line":72,"column":0},"end":{"line":77,"column":3}},"13":{"start":{"line":74,"column":16},"end":{"line":74,"column":45}},"14":{"start":{"line":76,"column":2},"end":{"line":76,"column":39}},"15":{"start":{"line":80,"column":0},"end":{"line":82,"column":3}},"16":{"start":{"line":81,"column":2},"end":{"line":81,"column":51}},"17":{"start":{"line":84,"column":0},"end":{"line":84,"column":38}},"18":{"start":{"line":86,"column":0},"end":{"line":86,"column":68}}},"fnMap":{"0":{"name":"(anonymous_0)","decl":{"start":{"line":41,"column":40},"end":{"line":41,"column":41}},"loc":{"start":{"line":41,"column":65},"end":{"line":63,"column":1}},"line":41},"1":{"name":"(anonymous_1)","decl":{"start":{"line":66,"column":26},"end":{"line":66,"column":27}},"loc":{"start":{"line":66,"column":38},"end":{"line":69,"column":1}},"line":66},"2":{"name":"(anonymous_2)","decl":{"start":{"line":72,"column":38},"end":{"line":72,"column":39}},"loc":{"start":{"line":72,"column":50},"end":{"line":77,"column":1}},"line":72},"3":{"name":"(anonymous_3)","decl":{"start":{"line":80,"column":28},"end":{"line":80,"column":29}},"loc":{"start":{"line":80,"column":40},"end":{"line":82,"column":1}},"line":80}},"branchMap":{},"s":{"0":4,"1":4,"2":4,"3":4,"4":4,"5":4,"6":4,"7":4,"8":4,"9":0,"10":4,"11":3,"12":4,"13":1,"14":1,"15":4,"16":0,"17":4,"18":4},"f":{"0":4,"1":3,"2":1,"3":0},"b":{},"_coverageSchema":"1a1c01bbd47fc00a2c39e90264f33305004495a9","hash":"8984b64e85ef530131a31bb92136ae7b5bf775b4"}
,"/home/azh/code/benchmarking-amrilazhar/models/users.js": {"path":"/home/azh/code/benchmarking-amrilazhar/models/users.js","statementMap":{"0":{"start":{"line":1,"column":17},"end":{"line":1,"column":36}},"1":{"start":{"line":2,"column":24},"end":{"line":2,"column":50}},"2":{"start":{"line":3,"column":15},"end":{"line":3,"column":32}},"3":{"start":{"line":5,"column":19},"end":{"line":46,"column":1}},"4":{"start":{"line":49,"column":2},"end":{"line":51,"column":3}},"5":{"start":{"line":50,"column":4},"end":{"line":50,"column":24}},"6":{"start":{"line":52,"column":2},"end":{"line":54,"column":32}},"7":{"start":{"line":58,"column":2},"end":{"line":58,"column":39}},"8":{"start":{"line":61,"column":0},"end":{"line":61,"column":63}},"9":{"start":{"line":63,"column":0},"end":{"line":63,"column":60}}},"fnMap":{"0":{"name":"getProfileImage","decl":{"start":{"line":48,"column":9},"end":{"line":48,"column":24}},"loc":{"start":{"line":48,"column":32},"end":{"line":55,"column":1}},"line":48},"1":{"name":"encryptPwd","decl":{"start":{"line":57,"column":9},"end":{"line":57,"column":19}},"loc":{"start":{"line":57,"column":30},"end":{"line":59,"column":1}},"line":57}},"branchMap":{"0":{"loc":{"start":{"line":49,"column":2},"end":{"line":51,"column":3}},"type":"if","locations":[{"start":{"line":49,"column":2},"end":{"line":51,"column":3}},{"start":{"line":49,"column":2},"end":{"line":51,"column":3}}],"line":49},"1":{"loc":{"start":{"line":52,"column":9},"end":{"line":54,"column":31}},"type":"cond-expr","locations":[{"start":{"line":53,"column":6},"end":{"line":53,"column":56}},{"start":{"line":54,"column":6},"end":{"line":54,"column":31}}],"line":52}},"s":{"0":4,"1":4,"2":4,"3":4,"4":4,"5":4,"6":4,"7":8,"8":4,"9":4},"f":{"0":4,"1":8},"b":{"0":[4,0],"1":[4,0]},"_coverageSchema":"1a1c01bbd47fc00a2c39e90264f33305004495a9","hash":"392bdb349623b82f1282698ff4517a3af0d21af3"}
,"/home/azh/code/benchmarking-amrilazhar/routes/authRoute.js": {"path":"/home/azh/code/benchmarking-amrilazhar/routes/authRoute.js","statementMap":{"0":{"start":{"line":1,"column":16},"end":{"line":1,"column":34}},"1":{"start":{"line":2,"column":15},"end":{"line":2,"column":31}},"2":{"start":{"line":5,"column":19},"end":{"line":5,"column":50}},"3":{"start":{"line":6,"column":23},"end":{"line":6,"column":63}},"4":{"start":{"line":7,"column":22},"end":{"line":7,"column":72}},"5":{"start":{"line":8,"column":19},"end":{"line":8,"column":63}},"6":{"start":{"line":10,"column":0},"end":{"line":10,"column":92}},"7":{"start":{"line":11,"column":0},"end":{"line":11,"column":79}},"8":{"start":{"line":14,"column":0},"end":{"line":14,"column":24}}},"fnMap":{},"branchMap":{},"s":{"0":4,"1":4,"2":4,"3":4,"4":4,"5":4,"6":4,"7":4,"8":4},"f":{},"b":{},"_coverageSchema":"1a1c01bbd47fc00a2c39e90264f33305004495a9","hash":"4a022f2430e5e3ba312b6581b057b92673bc4805"}
,"/home/azh/code/benchmarking-amrilazhar/routes/photoRoute.js": {"path":"/home/azh/code/benchmarking-amrilazhar/routes/photoRoute.js","statementMap":{"0":{"start":{"line":1,"column":16},"end":{"line":1,"column":34}},"1":{"start":{"line":2,"column":15},"end":{"line":2,"column":31}},"2":{"start":{"line":5,"column":27},"end":{"line":5,"column":57}},"3":{"start":{"line":8,"column":24},"end":{"line":8,"column":65}},"4":{"start":{"line":11,"column":0},"end":{"line":11,"column":64}},"5":{"start":{"line":12,"column":0},"end":{"line":12,"column":67}},"6":{"start":{"line":13,"column":0},"end":{"line":13,"column":62}},"7":{"start":{"line":14,"column":0},"end":{"line":14,"column":74}},"8":{"start":{"line":15,"column":0},"end":{"line":15,"column":74}},"9":{"start":{"line":17,"column":0},"end":{"line":17,"column":24}}},"fnMap":{},"branchMap":{},"s":{"0":4,"1":4,"2":4,"3":4,"4":4,"5":4,"6":4,"7":4,"8":4,"9":4},"f":{},"b":{},"_coverageSchema":"1a1c01bbd47fc00a2c39e90264f33305004495a9","hash":"2b69b94134c24a3c681206cde06a329a8a84debc"}
,"/home/azh/code/benchmarking-amrilazhar/routes/reviewRoute.js": {"path":"/home/azh/code/benchmarking-amrilazhar/routes/reviewRoute.js","statementMap":{"0":{"start":{"line":1,"column":16},"end":{"line":1,"column":34}},"1":{"start":{"line":2,"column":15},"end":{"line":2,"column":31}},"2":{"start":{"line":5,"column":19},"end":{"line":5,"column":50}},"3":{"start":{"line":8,"column":24},"end":{"line":8,"column":76}},"4":{"start":{"line":10,"column":25},"end":{"line":10,"column":67}},"5":{"start":{"line":13,"column":0},"end":{"line":13,"column":73}},"6":{"start":{"line":14,"column":0},"end":{"line":14,"column":76}},"7":{"start":{"line":15,"column":0},"end":{"line":15,"column":79}},"8":{"start":{"line":16,"column":0},"end":{"line":16,"column":74}},"9":{"start":{"line":19,"column":0},"end":{"line":19,"column":24}}},"fnMap":{},"branchMap":{},"s":{"0":4,"1":4,"2":4,"3":4,"4":4,"5":4,"6":4,"7":4,"8":4,"9":4},"f":{},"b":{},"_coverageSchema":"1a1c01bbd47fc00a2c39e90264f33305004495a9","hash":"d6971ab21d6871f2be6aa0145d9b33afbbdebf19"}
,"/home/azh/code/benchmarking-amrilazhar/routes/userRoute.js": {"path":"/home/azh/code/benchmarking-amrilazhar/routes/userRoute.js","statementMap":{"0":{"start":{"line":1,"column":16},"end":{"line":1,"column":34}},"1":{"start":{"line":2,"column":15},"end":{"line":2,"column":31}},"2":{"start":{"line":5,"column":17},"end":{"line":5,"column":36}},"3":{"start":{"line":6,"column":19},"end":{"line":6,"column":50}},"4":{"start":{"line":9,"column":23},"end":{"line":9,"column":63}},"5":{"start":{"line":12,"column":22},"end":{"line":12,"column":72}},"6":{"start":{"line":13,"column":19},"end":{"line":13,"column":63}},"7":{"start":{"line":16,"column":0},"end":{"line":16,"column":56}},"8":{"start":{"line":17,"column":0},"end":{"line":17,"column":68}},"9":{"start":{"line":18,"column":0},"end":{"line":18,"column":65}},"10":{"start":{"line":19,"column":0},"end":{"line":19,"column":60}},"11":{"start":{"line":20,"column":0},"end":{"line":20,"column":68}},"12":{"start":{"line":21,"column":0},"end":{"line":27,"column":2}},"13":{"start":{"line":29,"column":0},"end":{"line":29,"column":24}}},"fnMap":{},"branchMap":{},"s":{"0":4,"1":4,"2":4,"3":4,"4":4,"5":4,"6":4,"7":4,"8":4,"9":4,"10":4,"11":4,"12":4,"13":4},"f":{},"b":{},"_coverageSchema":"1a1c01bbd47fc00a2c39e90264f33305004495a9","hash":"0627d0532cc8c251e39db0155a171476a0212893"}
}
