TN:
SF:index.js
FN:97,(anonymous_0)
FN:109,(anonymous_1)
FNF:2
FNH:1
FNDA:23,(anonymous_0)
FNDA:0,(anonymous_1)
DA:1,4
DA:6,4
DA:7,4
DA:8,4
DA:9,4
DA:10,4
DA:11,4
DA:12,4
DA:13,4
DA:14,4
DA:17,4
DA:18,4
DA:19,4
DA:22,4
DA:23,4
DA:26,4
DA:29,4
DA:30,4
DA:37,4
DA:39,4
DA:42,4
DA:43,4
DA:45,4
DA:46,4
DA:48,4
DA:49,4
DA:51,4
DA:52,4
DA:56,4
DA:59,4
DA:62,4
DA:67,4
DA:70,4
DA:73,4
DA:79,4
DA:80,0
DA:83,4
DA:91,4
DA:97,4
DA:98,23
DA:99,23
DA:100,23
DA:101,23
DA:107,4
DA:108,0
DA:109,0
DA:110,4
LF:47
LH:44
BRDA:79,0,0,0
BRDA:79,0,1,4
BRDA:98,1,0,23
BRDA:98,1,1,0
BRDA:107,2,0,0
BRDA:107,2,1,4
BRF:6
BRH:3
end_of_record
TN:
SF:controllers/authController.js
FN:5,(anonymous_0)
FNF:1
FNH:1
FNDA:2,(anonymous_0)
DA:1,4
DA:2,4
DA:6,2
DA:7,2
DA:12,2
DA:20,2
DA:26,0
DA:27,0
DA:28,0
DA:30,0
DA:36,4
LF:11
LH:7
BRDA:26,0,0,0
BRDA:26,0,1,0
BRF:2
BRH:0
end_of_record
TN:
SF:controllers/photoController.js
FN:6,(anonymous_0)
FN:38,(anonymous_1)
FN:95,(anonymous_2)
FN:134,(anonymous_3)
FN:167,(anonymous_4)
FN:194,(anonymous_5)
FN:213,(anonymous_6)
FNF:7
FNH:7
FNDA:2,(anonymous_0)
FNDA:2,(anonymous_1)
FNDA:4,(anonymous_2)
FNDA:2,(anonymous_3)
FNDA:2,(anonymous_4)
FNDA:2,(anonymous_5)
FNDA:2,(anonymous_6)
DA:1,4
DA:2,4
DA:3,4
DA:7,2
DA:8,2
DA:9,2
DA:11,2
DA:12,2
DA:14,1
DA:15,1
DA:17,1
DA:18,1
DA:20,0
DA:21,0
DA:23,2
DA:24,0
DA:26,2
DA:29,0
DA:30,0
DA:31,0
DA:33,0
DA:39,2
DA:40,2
DA:42,2
DA:45,0
DA:46,0
DA:47,0
DA:48,0
DA:50,0
DA:52,2
DA:53,1
DA:54,1
DA:55,1
DA:57,1
DA:59,0
DA:60,0
DA:63,1
DA:64,1
DA:70,1
DA:74,1
DA:75,1
DA:78,1
DA:80,0
DA:86,1
DA:87,0
DA:88,0
DA:90,1
DA:96,4
DA:97,4
DA:98,4
DA:100,2
DA:101,2
DA:102,1
DA:104,2
DA:106,2
DA:107,2
DA:109,0
DA:110,0
DA:113,4
DA:114,2
DA:119,2
DA:125,0
DA:126,0
DA:127,0
DA:129,0
DA:135,2
DA:136,2
DA:142,2
DA:147,2
DA:148,1
DA:152,1
DA:158,0
DA:159,0
DA:160,0
DA:162,0
DA:168,2
DA:169,2
DA:171,2
DA:177,2
DA:186,2
DA:187,0
DA:190,2
DA:191,0
DA:194,2
DA:195,2
DA:196,1
DA:197,1
DA:198,1
DA:199,1
DA:200,1
DA:201,1
DA:202,1
DA:203,1
DA:204,1
DA:209,2
DA:210,2
DA:213,2
DA:214,2
DA:217,2
DA:220,0
DA:221,0
DA:222,0
DA:224,0
DA:229,4
LF:104
LH:71
BRDA:8,0,0,2
BRDA:8,0,1,0
BRDA:9,1,0,2
BRDA:9,1,1,0
BRDA:12,2,0,1
BRDA:12,2,1,1
BRDA:12,2,2,0
BRDA:23,3,0,0
BRDA:23,3,1,2
BRDA:29,4,0,0
BRDA:29,4,1,0
BRDA:42,5,0,0
BRDA:42,5,1,2
BRDA:42,5,2,0
BRDA:45,6,0,0
BRDA:45,6,1,0
BRDA:52,7,0,1
BRDA:52,7,1,1
BRDA:63,8,0,1
BRDA:63,8,1,0
BRDA:74,9,0,1
BRDA:74,9,1,0
BRDA:86,10,0,0
BRDA:86,10,1,1
BRDA:98,11,0,2
BRDA:98,11,1,2
BRDA:98,11,2,0
BRDA:101,12,0,1
BRDA:101,12,1,1
BRDA:113,13,0,2
BRDA:113,13,1,2
BRDA:125,14,0,0
BRDA:125,14,1,0
BRDA:138,15,0,2
BRDA:138,15,1,0
BRDA:139,16,0,2
BRDA:139,16,1,0
BRDA:147,17,0,1
BRDA:147,17,1,1
BRDA:158,18,0,0
BRDA:158,18,1,0
BRDA:173,19,0,2
BRDA:173,19,1,0
BRDA:174,20,0,2
BRDA:174,20,1,0
BRDA:179,21,0,2
BRDA:179,21,1,0
BRDA:180,22,0,2
BRDA:180,22,1,0
BRDA:186,23,0,0
BRDA:186,23,1,2
BRDA:190,24,0,0
BRDA:190,24,1,2
BRDA:195,25,0,1
BRDA:195,25,1,1
BRDA:200,26,0,1
BRDA:200,26,1,0
BRDA:220,27,0,0
BRDA:220,27,1,0
BRF:59
BRH:30
end_of_record
TN:
SF:controllers/reviewController.js
FN:5,(anonymous_0)
FN:39,(anonymous_1)
FN:119,(anonymous_2)
FN:185,(anonymous_3)
FNF:4
FNH:4
FNDA:3,(anonymous_0)
FNDA:4,(anonymous_1)
FNDA:3,(anonymous_2)
FNDA:2,(anonymous_3)
DA:1,4
DA:2,4
DA:3,4
DA:6,3
DA:7,3
DA:8,3
DA:13,3
DA:14,1
DA:15,1
DA:16,1
DA:19,2
DA:20,1
DA:26,1
DA:31,1
DA:32,0
DA:33,0
DA:35,1
DA:40,4
DA:43,4
DA:49,4
DA:52,4
DA:54,4
DA:57,0
DA:58,0
DA:59,0
DA:60,0
DA:61,0
DA:62,0
DA:64,0
DA:68,0
DA:70,0
DA:72,4
DA:73,0
DA:74,0
DA:75,0
DA:76,0
DA:77,0
DA:79,0
DA:81,4
DA:83,4
DA:85,0
DA:86,0
DA:90,4
DA:93,4
DA:95,3
DA:100,1
DA:105,1
DA:106,1
DA:107,1
DA:110,0
DA:111,0
DA:112,0
DA:114,0
DA:120,3
DA:121,3
DA:123,3
DA:124,0
DA:127,3
DA:128,3
DA:131,3
DA:132,3
DA:135,3
DA:136,3
DA:139,3
DA:140,0
DA:141,0
DA:142,0
DA:145,3
DA:146,3
DA:148,3
DA:149,1
DA:150,1
DA:151,1
DA:154,2
DA:155,1
DA:156,1
DA:157,1
DA:161,1
DA:172,1
DA:177,2
DA:178,0
DA:179,0
DA:181,2
DA:186,2
DA:187,2
DA:189,2
DA:190,1
DA:195,1
DA:198,1
DA:202,0
DA:203,0
DA:204,0
DA:206,0
DA:211,4
LF:94
LH:61
BRDA:13,0,0,1
BRDA:13,0,1,2
BRDA:19,1,0,1
BRDA:19,1,1,1
BRDA:19,2,0,2
BRDA:19,2,1,1
BRDA:31,3,0,0
BRDA:31,3,1,1
BRDA:54,4,0,0
BRDA:54,4,1,4
BRDA:54,4,2,0
BRDA:57,5,0,0
BRDA:57,5,1,0
BRDA:59,6,0,0
BRDA:59,6,1,0
BRDA:72,7,0,0
BRDA:72,7,1,4
BRDA:74,8,0,0
BRDA:74,8,1,0
BRDA:100,9,0,1
BRDA:100,9,1,0
BRDA:101,10,0,1
BRDA:101,10,1,1
BRDA:101,10,2,1
BRDA:110,11,0,0
BRDA:110,11,1,0
BRDA:123,12,0,0
BRDA:123,12,1,3
BRDA:127,13,0,3
BRDA:127,13,1,0
BRDA:131,14,0,3
BRDA:131,14,1,0
BRDA:135,15,0,3
BRDA:135,15,1,0
BRDA:139,16,0,0
BRDA:139,16,1,3
BRDA:148,17,0,1
BRDA:148,17,1,2
BRDA:148,18,0,3
BRDA:148,18,1,1
BRDA:154,19,0,1
BRDA:154,19,1,1
BRDA:177,20,0,0
BRDA:177,20,1,2
BRDA:189,21,0,1
BRDA:189,21,1,1
BRDA:189,22,0,2
BRDA:189,22,1,1
BRDA:202,23,0,0
BRDA:202,23,1,0
BRF:50
BRH:29
end_of_record
TN:
SF:controllers/userController.js
FN:7,(anonymous_0)
FN:23,(anonymous_1)
FN:55,(anonymous_2)
FN:92,(anonymous_3)
FN:123,(anonymous_4)
FN:193,(anonymous_5)
FNF:6
FNH:5
FNDA:0,(anonymous_0)
FNDA:3,(anonymous_1)
FNDA:3,(anonymous_2)
FNDA:1,(anonymous_3)
FNDA:2,(anonymous_4)
FNDA:3,(anonymous_5)
DA:1,4
DA:2,4
DA:3,4
DA:8,0
DA:9,0
DA:10,0
DA:11,0
DA:14,0
DA:15,0
DA:16,0
DA:18,0
DA:24,3
DA:26,3
DA:27,1
DA:28,1
DA:29,1
DA:31,2
DA:37,2
DA:38,0
DA:39,0
DA:40,0
DA:42,2
DA:43,2
DA:46,1
DA:47,0
DA:48,0
DA:50,1
DA:56,3
DA:58,3
DA:59,3
DA:60,0
DA:61,0
DA:64,3
DA:72,3
DA:74,3
DA:75,2
DA:77,1
DA:78,1
DA:79,1
DA:83,1
DA:84,0
DA:85,0
DA:87,1
DA:93,1
DA:94,1
DA:100,1
DA:101,1
DA:102,1
DA:105,1
DA:106,1
DA:108,0
DA:114,1
DA:115,0
DA:116,0
DA:118,1
DA:124,2
DA:125,2
DA:126,2
DA:130,2
DA:133,0
DA:134,0
DA:135,0
DA:136,0
DA:137,0
DA:138,0
DA:140,0
DA:144,0
DA:146,0
DA:148,2
DA:149,0
DA:150,0
DA:151,0
DA:152,0
DA:153,0
DA:155,0
DA:157,2
DA:160,2
DA:162,0
DA:163,0
DA:166,2
DA:167,2
DA:168,1
DA:169,1
DA:170,1
DA:172,1
DA:173,1
DA:174,1
DA:178,0
DA:179,0
DA:180,0
DA:184,1
DA:185,0
DA:186,0
DA:188,1
DA:194,3
DA:195,3
DA:197,3
DA:198,0
DA:202,3
DA:204,3
DA:205,1
DA:206,1
DA:207,1
DA:210,2
DA:211,2
DA:212,1
DA:213,1
DA:215,1
DA:216,1
DA:217,1
DA:219,1
DA:222,2
DA:223,0
DA:224,0
DA:226,2
DA:231,4
LF:116
LH:71
BRDA:14,0,0,0
BRDA:14,0,1,0
BRDA:26,1,0,1
BRDA:26,1,1,2
BRDA:37,2,0,0
BRDA:37,2,1,2
BRDA:46,3,0,0
BRDA:46,3,1,1
BRDA:59,4,0,0
BRDA:59,4,1,3
BRDA:60,5,0,0
BRDA:60,5,1,0
BRDA:65,6,0,0
BRDA:65,6,1,3
BRDA:66,7,0,0
BRDA:66,7,1,3
BRDA:74,8,0,2
BRDA:74,8,1,1
BRDA:83,9,0,0
BRDA:83,9,1,1
BRDA:101,10,0,1
BRDA:101,10,1,0
BRDA:114,11,0,0
BRDA:114,11,1,1
BRDA:130,12,0,0
BRDA:130,12,1,2
BRDA:130,12,2,0
BRDA:133,13,0,0
BRDA:133,13,1,0
BRDA:135,14,0,0
BRDA:135,14,1,0
BRDA:148,15,0,0
BRDA:148,15,1,2
BRDA:150,16,0,0
BRDA:150,16,1,0
BRDA:166,17,0,2
BRDA:166,17,1,0
BRDA:167,18,0,1
BRDA:167,18,1,1
BRDA:184,19,0,0
BRDA:184,19,1,1
BRDA:197,20,0,0
BRDA:197,20,1,3
BRDA:204,21,0,1
BRDA:204,21,1,2
BRDA:211,22,0,1
BRDA:211,22,1,1
BRDA:222,23,0,0
BRDA:222,23,1,2
BRF:49
BRH:24
end_of_record
TN:
SF:helpers/flickrAPI.js
FN:5,(anonymous_0)
FN:13,(anonymous_1)
FN:20,(anonymous_2)
FN:31,(anonymous_3)
FN:42,(anonymous_4)
FN:49,(anonymous_5)
FN:60,(anonymous_6)
FN:67,(anonymous_7)
FN:85,(anonymous_8)
FNF:9
FNH:8
FNDA:1,(anonymous_0)
FNDA:10,(anonymous_1)
FNDA:10,(anonymous_2)
FNDA:1,(anonymous_3)
FNDA:10,(anonymous_4)
FNDA:10,(anonymous_5)
FNDA:2,(anonymous_6)
FNDA:8,(anonymous_7)
FNDA:0,(anonymous_8)
DA:1,4
DA:2,4
DA:3,4
DA:5,4
DA:6,1
DA:7,1
DA:10,1
DA:11,1
DA:13,1
DA:14,10
DA:15,10
DA:16,10
DA:19,1
DA:20,10
DA:21,1
DA:22,1
DA:24,1
DA:27,0
DA:31,4
DA:32,1
DA:33,1
DA:39,1
DA:40,1
DA:42,1
DA:43,10
DA:44,10
DA:45,10
DA:48,1
DA:49,10
DA:50,1
DA:51,1
DA:53,1
DA:56,0
DA:60,4
DA:61,2
DA:62,2
DA:63,1
DA:64,1
DA:65,1
DA:66,1
DA:67,1
DA:68,8
DA:69,1
DA:70,7
DA:71,1
DA:72,1
DA:73,1
DA:74,1
DA:77,1
DA:78,1
DA:81,1
DA:85,4
DA:86,0
DA:87,0
DA:88,0
DA:89,0
DA:105,0
DA:106,0
DA:107,0
DA:108,0
DA:111,0
LF:61
LH:50
BRDA:31,0,0,1
BRDA:31,1,0,1
BRDA:68,2,0,1
BRDA:68,2,1,7
BRDA:70,3,0,1
BRDA:70,3,1,6
BRDA:106,4,0,0
BRDA:106,4,1,0
BRF:8
BRH:6
end_of_record
TN:
SF:helpers/unsplashAPI.js
FN:13,(anonymous_0)
FN:23,(anonymous_1)
FN:33,(anonymous_2)
FN:43,(anonymous_3)
FNF:4
FNH:3
FNDA:1,(anonymous_0)
FNDA:1,(anonymous_1)
FNDA:2,(anonymous_2)
FNDA:0,(anonymous_3)
DA:2,4
DA:3,4
DA:4,4
DA:7,4
DA:13,4
DA:14,1
DA:15,1
DA:18,0
DA:23,4
DA:24,1
DA:25,1
DA:28,0
DA:33,4
DA:34,2
DA:35,2
DA:38,0
DA:43,4
DA:44,0
DA:45,0
DA:63,0
DA:64,0
DA:65,0
DA:66,0
DA:69,0
LF:24
LH:14
BRDA:23,0,0,0
BRDA:23,1,0,0
BRDA:64,2,0,0
BRDA:64,2,1,0
BRF:4
BRH:0
end_of_record
TN:
SF:middlewares/auth/index.js
FN:17,(anonymous_0)
FN:51,(anonymous_1)
FN:91,(anonymous_2)
FN:114,(anonymous_3)
FN:118,(anonymous_4)
FN:146,(anonymous_5)
FN:148,(anonymous_6)
FN:177,(anonymous_7)
FN:179,(anonymous_8)
FNF:9
FNH:9
FNDA:2,(anonymous_0)
FNDA:3,(anonymous_1)
FNDA:34,(anonymous_2)
FNDA:5,(anonymous_3)
FNDA:5,(anonymous_4)
FNDA:34,(anonymous_5)
FNDA:34,(anonymous_6)
FNDA:12,(anonymous_7)
FNDA:12,(anonymous_8)
DA:1,4
DA:2,4
DA:3,4
DA:5,4
DA:6,4
DA:7,4
DA:9,4
DA:18,2
DA:20,2
DA:21,2
DA:23,1
DA:27,1
DA:29,1
DA:30,1
DA:34,0
DA:43,4
DA:52,3
DA:53,3
DA:57,3
DA:58,1
DA:63,2
DA:65,2
DA:66,1
DA:70,1
DA:74,0
DA:76,0
DA:84,4
DA:92,34
DA:93,34
DA:97,34
DA:98,0
DA:101,34
DA:102,34
DA:105,0
DA:107,0
DA:114,4
DA:115,5
DA:117,5
DA:118,5
DA:119,5
DA:120,0
DA:121,0
DA:128,5
DA:129,3
DA:134,2
DA:135,2
DA:138,0
DA:139,0
DA:146,4
DA:147,34
DA:148,34
DA:149,34
DA:150,0
DA:151,0
DA:158,34
DA:159,0
DA:164,34
DA:165,34
DA:169,0
DA:170,0
DA:177,4
DA:178,12
DA:179,12
DA:180,12
DA:181,0
DA:182,0
DA:189,12
DA:190,0
DA:192,12
DA:196,0
DA:197,0
DA:204,4
LF:72
LH:52
BRDA:29,0,0,1
BRDA:29,0,1,0
BRDA:29,1,0,1
BRDA:29,1,1,1
BRDA:57,2,0,1
BRDA:57,2,1,2
BRDA:65,3,0,1
BRDA:65,3,1,1
BRDA:97,4,0,0
BRDA:97,4,1,34
BRDA:101,5,0,34
BRDA:101,5,1,0
BRDA:101,6,0,34
BRDA:101,6,1,0
BRDA:119,7,0,0
BRDA:119,7,1,5
BRDA:128,8,0,3
BRDA:128,8,1,2
BRDA:149,9,0,0
BRDA:149,9,1,34
BRDA:158,10,0,0
BRDA:158,10,1,34
BRDA:180,11,0,0
BRDA:180,11,1,12
BRDA:189,12,0,0
BRDA:189,12,1,12
BRF:26
BRH:17
end_of_record
TN:
SF:middlewares/uploads/userUpload.js
FN:3,upload
FN:32,(anonymous_1)
FNF:2
FNH:2
FNDA:5,upload
FNDA:1,(anonymous_1)
DA:1,4
DA:6,5
DA:8,5
DA:9,4
DA:10,4
DA:14,1
DA:17,1
DA:18,0
DA:23,1
DA:29,1
DA:30,1
DA:32,1
DA:33,1
DA:36,1
DA:37,1
DA:39,0
DA:44,4
LF:17
LH:15
BRDA:8,0,0,4
BRDA:8,0,1,1
BRDA:8,1,0,5
BRDA:8,1,1,1
BRDA:17,2,0,0
BRDA:17,2,1,1
BRDA:23,3,0,1
BRDA:23,3,1,0
BRDA:24,4,0,1
BRDA:24,4,1,1
BRDA:24,4,2,0
BRDA:24,4,3,0
BRDA:33,5,0,0
BRDA:33,5,1,1
BRF:14
BRH:9
end_of_record
TN:
SF:middlewares/validators/reviewValidator.js
FN:5,(anonymous_0)
FN:37,(anonymous_1)
FN:90,(anonymous_2)
FN:135,(anonymous_3)
FNF:4
FNH:4
FNDA:6,(anonymous_0)
FNDA:8,(anonymous_1)
FNDA:4,(anonymous_2)
FNDA:4,(anonymous_3)
DA:1,4
DA:2,4
DA:3,4
DA:5,4
DA:6,6
DA:7,6
DA:10,6
DA:11,1
DA:13,5
DA:14,1
DA:19,6
DA:20,2
DA:26,4
DA:29,0
DA:30,0
DA:31,0
DA:33,0
DA:37,4
DA:38,8
DA:39,8
DA:42,8
DA:43,1
DA:49,8
DA:50,1
DA:56,7
DA:59,7
DA:60,2
DA:64,7
DA:65,1
DA:67,5
DA:68,1
DA:72,6
DA:73,3
DA:79,3
DA:82,1
DA:83,1
DA:84,1
DA:86,1
DA:90,4
DA:91,4
DA:92,4
DA:95,4
DA:96,1
DA:102,4
DA:103,1
DA:109,3
DA:112,3
DA:113,1
DA:117,3
DA:118,1
DA:124,2
DA:127,0
DA:128,0
DA:129,0
DA:131,0
DA:135,4
DA:136,4
DA:137,4
DA:140,4
DA:141,1
DA:147,4
DA:148,1
DA:154,3
DA:157,0
DA:158,0
DA:159,0
DA:161,0
LF:67
LH:55
BRDA:10,0,0,1
BRDA:10,0,1,5
BRDA:13,1,0,1
BRDA:13,1,1,4
BRDA:13,2,0,5
BRDA:13,2,1,4
BRDA:19,3,0,2
BRDA:19,3,1,4
BRDA:29,4,0,0
BRDA:29,4,1,0
BRDA:42,5,0,1
BRDA:42,5,1,7
BRDA:49,6,0,1
BRDA:49,6,1,7
BRDA:59,7,0,2
BRDA:59,7,1,5
BRDA:64,8,0,1
BRDA:64,8,1,5
BRDA:67,9,0,1
BRDA:67,9,1,4
BRDA:67,10,0,5
BRDA:67,10,1,4
BRDA:72,11,0,3
BRDA:72,11,1,3
BRDA:82,12,0,1
BRDA:82,12,1,0
BRDA:95,13,0,1
BRDA:95,13,1,3
BRDA:102,14,0,1
BRDA:102,14,1,3
BRDA:112,15,0,1
BRDA:112,15,1,2
BRDA:117,16,0,1
BRDA:117,16,1,2
BRDA:127,17,0,0
BRDA:127,17,1,0
BRDA:140,18,0,1
BRDA:140,18,1,3
BRDA:147,19,0,1
BRDA:147,19,1,3
BRDA:157,20,0,0
BRDA:157,20,1,0
BRF:42
BRH:35
end_of_record
TN:
SF:middlewares/validators/userValidator.js
FN:6,(anonymous_0)
FNF:1
FNH:1
FNDA:19,(anonymous_0)
DA:1,4
DA:2,4
DA:3,4
DA:7,19
DA:8,19
DA:9,19
DA:10,19
DA:12,19
DA:13,2
DA:17,16
DA:18,13
DA:19,2
DA:22,13
DA:38,2
DA:43,13
DA:44,2
DA:49,16
DA:50,0
DA:51,0
DA:52,0
DA:54,0
DA:55,0
DA:56,0
DA:61,16
DA:62,8
DA:65,8
DA:66,8
DA:68,8
DA:72,11
DA:73,3
DA:74,3
DA:76,11
DA:80,4
LF:33
LH:27
BRDA:12,0,0,2
BRDA:12,0,1,14
BRDA:17,1,0,13
BRDA:17,1,1,3
BRDA:17,2,0,16
BRDA:17,2,1,10
BRDA:18,3,0,2
BRDA:18,3,1,11
BRDA:22,4,0,2
BRDA:22,4,1,11
BRDA:43,5,0,2
BRDA:43,5,1,11
BRDA:49,6,0,0
BRDA:49,6,1,16
BRDA:51,7,0,0
BRDA:51,7,1,0
BRDA:55,8,0,0
BRDA:55,8,1,0
BRDA:61,9,0,8
BRDA:61,9,1,8
BRDA:72,10,0,3
BRDA:72,10,1,8
BRF:22
BRH:17
end_of_record
TN:
SF:models/index.js
FN:12,(anonymous_0)
FN:13,(anonymous_1)
FNF:2
FNH:1
FNDA:4,(anonymous_0)
FNDA:0,(anonymous_1)
DA:1,4
DA:3,4
DA:5,4
DA:12,4
DA:13,0
DA:15,4
DA:16,4
DA:17,4
DA:19,4
LF:9
LH:8
BRF:0
BRH:0
end_of_record
TN:
SF:models/photo.js
FNF:0
FNH:0
DA:1,4
DA:2,4
DA:3,4
DA:5,4
DA:69,4
DA:70,4
DA:72,4
LF:7
LH:7
BRF:0
BRH:0
end_of_record
TN:
SF:models/reviews.js
FN:41,(anonymous_0)
FN:66,(anonymous_1)
FN:72,(anonymous_2)
FN:80,(anonymous_3)
FNF:4
FNH:3
FNDA:4,(anonymous_0)
FNDA:3,(anonymous_1)
FNDA:1,(anonymous_2)
FNDA:0,(anonymous_3)
DA:1,4
DA:2,4
DA:4,4
DA:38,4
DA:41,4
DA:42,4
DA:43,4
DA:54,4
DA:56,4
DA:61,0
DA:66,4
DA:68,3
DA:72,4
DA:74,1
DA:76,1
DA:80,4
DA:81,0
DA:84,4
DA:86,4
LF:19
LH:17
BRF:0
BRH:0
end_of_record
TN:
SF:models/users.js
FN:48,getProfileImage
FN:57,encryptPwd
FNF:2
FNH:2
FNDA:4,getProfileImage
FNDA:8,encryptPwd
DA:1,4
DA:2,4
DA:3,4
DA:5,4
DA:49,4
DA:50,4
DA:52,4
DA:58,8
DA:61,4
DA:63,4
LF:10
LH:10
BRDA:49,0,0,4
BRDA:49,0,1,0
BRDA:52,1,0,4
BRDA:52,1,1,0
BRF:4
BRH:2
end_of_record
TN:
SF:routes/authRoute.js
FNF:0
FNH:0
DA:1,4
DA:2,4
DA:5,4
DA:6,4
DA:7,4
DA:8,4
DA:10,4
DA:11,4
DA:14,4
LF:9
LH:9
BRF:0
BRH:0
end_of_record
TN:
SF:routes/photoRoute.js
FNF:0
FNH:0
DA:1,4
DA:2,4
DA:5,4
DA:8,4
DA:11,4
DA:12,4
DA:13,4
DA:14,4
DA:15,4
DA:17,4
LF:10
LH:10
BRF:0
BRH:0
end_of_record
TN:
SF:routes/reviewRoute.js
FNF:0
FNH:0
DA:1,4
DA:2,4
DA:5,4
DA:8,4
DA:10,4
DA:13,4
DA:14,4
DA:15,4
DA:16,4
DA:19,4
LF:10
LH:10
BRF:0
BRH:0
end_of_record
TN:
SF:routes/userRoute.js
FNF:0
FNH:0
DA:1,4
DA:2,4
DA:5,4
DA:6,4
DA:9,4
DA:12,4
DA:13,4
DA:16,4
DA:17,4
DA:18,4
DA:19,4
DA:20,4
DA:21,4
DA:29,4
LF:14
LH:14
BRF:0
BRH:0
end_of_record
